  [1m[35m (0.2ms)[0m  [1m[35mCREATE TABLE "schema_migrations" ("version" varchar NOT NULL PRIMARY KEY) /*application='AiBeautyCounselor'*/[0m
  [1m[35m (0.1ms)[0m  [1m[35mCREATE TABLE "ar_internal_metadata" ("key" varchar NOT NULL PRIMARY KEY, "value" varchar, "created_at" datetime(6) NOT NULL, "updated_at" datetime(6) NOT NULL) /*application='AiBeautyCounselor'*/[0m
  [1m[36mActiveRecord::InternalMetadata Load (0.1ms)[0m  [1m[34mSELECT * FROM "ar_internal_metadata" WHERE "ar_internal_metadata"."key" = 'environment' ORDER BY "ar_internal_metadata"."key" ASC LIMIT 1 /*application='AiBeautyCounselor'*/[0m
  [1m[36mActiveRecord::InternalMetadata Create (0.1ms)[0m  [1m[32mINSERT INTO "ar_internal_metadata" ("key", "value", "created_at", "updated_at") VALUES ('environment', 'development', '2025-07-12 06:20:03.487123', '2025-07-12 06:20:03.487125') RETURNING "key" /*application='AiBeautyCounselor'*/[0m
  [1m[36mActiveRecord::SchemaMigration Load (1.9ms)[0m  [1m[34mSELECT "schema_migrations"."version" FROM "schema_migrations" ORDER BY "schema_migrations"."version" ASC /*application='AiBeautyCounselor'*/[0m
Started GET "/" for 127.0.0.1 at 2025-07-12 15:21:07 +0900
  [1m[36mActiveRecord::SchemaMigration Load (0.5ms)[0m  [1m[34mSELECT "schema_migrations"."version" FROM "schema_migrations" ORDER BY "schema_migrations"."version" ASC /*application='AiBeautyCounselor'*/[0m
Processing by PagesController#home as HTML
  Rendering layout layouts/application.html.erb
  Rendering pages/home.html.erb within layouts/application
  Rendered pages/home.html.erb within layouts/application (Duration: 0.3ms | GC: 0.0ms)
  Rendered layout layouts/application.html.erb (Duration: 8.6ms | GC: 0.8ms)
Completed 200 OK in 71ms (Views: 13.1ms | ActiveRecord: 0.0ms (0 queries, 0 cached) | GC: 6.5ms)


Started GET "/assets/tailwind-dc610e10.css" for 127.0.0.1 at 2025-07-12 15:21:07 +0900
Started GET "/assets/controllers/consultation_controller-b4a31fba.js" for 127.0.0.1 at 2025-07-12 15:21:07 +0900
Started GET "/assets/controllers/modal_controller-945531d3.js" for 127.0.0.1 at 2025-07-12 15:21:07 +0900
Started GET "/" for ::1 at 2025-07-12 15:21:12 +0900
Processing by PagesController#home as */*
  Rendering layout layouts/application.html.erb
  Rendering pages/home.html.erb within layouts/application
  Rendered pages/home.html.erb within layouts/application (Duration: 0.7ms | GC: 0.0ms)
  Rendered layout layouts/application.html.erb (Duration: 1.9ms | GC: 0.0ms)
Completed 200 OK in 16ms (Views: 2.2ms | ActiveRecord: 0.0ms (0 queries, 0 cached) | GC: 0.0ms)


Started GET "/" for ::1 at 2025-07-12 15:21:17 +0900
Processing by PagesController#home as */*
  Rendering layout layouts/application.html.erb
  Rendering pages/home.html.erb within layouts/application
  Rendered pages/home.html.erb within layouts/application (Duration: 0.2ms | GC: 0.0ms)
  Rendered layout layouts/application.html.erb (Duration: 1.6ms | GC: 0.0ms)
Completed 200 OK in 18ms (Views: 1.8ms | ActiveRecord: 0.0ms (0 queries, 0 cached) | GC: 0.0ms)


Started GET "/" for 127.0.0.1 at 2025-07-13 04:38:06 +0900
Processing by PagesController#home as HTML
  Rendering layout layouts/application.html.erb
  Rendering pages/home.html.erb within layouts/application
  Rendered pages/home.html.erb within layouts/application (Duration: 0.2ms | GC: 0.0ms)
  Rendered layout layouts/application.html.erb (Duration: 16.8ms | GC: 4.4ms)
Completed 200 OK in 35ms (Views: 17.4ms | ActiveRecord: 0.0ms (0 queries, 0 cached) | GC: 4.4ms)


Started GET "/assets/tailwind-d4021a18.css" for 127.0.0.1 at 2025-07-13 04:38:06 +0900
Started GET "/" for 127.0.0.1 at 2025-07-13 04:40:45 +0900
Processing by PagesController#home as HTML
  Rendering layout layouts/application.html.erb
  Rendering pages/home.html.erb within layouts/application
  Rendered pages/home.html.erb within layouts/application (Duration: 0.4ms | GC: 0.0ms)
  Rendered layout layouts/application.html.erb (Duration: 5.8ms | GC: 0.1ms)
Completed 200 OK in 31ms (Views: 7.4ms | ActiveRecord: 0.0ms (0 queries, 0 cached) | GC: 5.5ms)


Started GET "/assets/tailwind-af45676c.css" for 127.0.0.1 at 2025-07-13 04:40:45 +0900
Started GET "/" for 127.0.0.1 at 2025-07-13 04:40:46 +0900
Processing by PagesController#home as HTML
  Rendering layout layouts/application.html.erb
  Rendering pages/home.html.erb within layouts/application
  Rendered pages/home.html.erb within layouts/application (Duration: 0.0ms | GC: 0.0ms)
  Rendered layout layouts/application.html.erb (Duration: 0.9ms | GC: 0.0ms)
Completed 200 OK in 24ms (Views: 1.2ms | ActiveRecord: 0.0ms (0 queries, 0 cached) | GC: 0.0ms)


Started GET "/" for 127.0.0.1 at 2025-07-13 04:40:57 +0900
  [1m[36mActiveRecord::SchemaMigration Load (0.4ms)[0m  [1m[34mSELECT "schema_migrations"."version" FROM "schema_migrations" ORDER BY "schema_migrations"."version" ASC /*application='AiBeautyCounselor'*/[0m
Processing by PagesController#home as HTML
  Rendering layout layouts/application.html.erb
  Rendering pages/home.html.erb within layouts/application
  Rendered pages/home.html.erb within layouts/application (Duration: 0.3ms | GC: 0.0ms)
  Rendered layout layouts/application.html.erb (Duration: 9.9ms | GC: 0.0ms)
Completed 200 OK in 48ms (Views: 12.8ms | ActiveRecord: 0.0ms (0 queries, 0 cached) | GC: 0.0ms)


Started GET "/" for 127.0.0.1 at 2025-07-13 04:42:54 +0900
Processing by PagesController#home as HTML
  Rendering layout layouts/application.html.erb
  Rendering pages/home.html.erb within layouts/application
  Rendered pages/home.html.erb within layouts/application (Duration: 0.2ms | GC: 0.0ms)
  Rendered layout layouts/application.html.erb (Duration: 8.4ms | GC: 0.3ms)
Completed 200 OK in 27ms (Views: 9.2ms | ActiveRecord: 0.0ms (0 queries, 0 cached) | GC: 0.6ms)


Started GET "/assets/tailwind-8cce3309.css" for 127.0.0.1 at 2025-07-13 04:42:54 +0900
Started GET "/assets/application-bfcdf840.js" for 127.0.0.1 at 2025-07-13 04:42:54 +0900
Started GET "/assets/turbo.min-3a2e143f.js" for 127.0.0.1 at 2025-07-13 04:42:54 +0900
Started GET "/assets/controllers/consultation_controller-b4a31fba.js" for 127.0.0.1 at 2025-07-13 04:42:54 +0900
Started GET "/assets/controllers/index-ee64e1f1.js" for 127.0.0.1 at 2025-07-13 04:42:54 +0900
Started GET "/assets/controllers/hello_controller-708796bd.js" for 127.0.0.1 at 2025-07-13 04:42:54 +0900
Started GET "/assets/controllers/modal_controller-945531d3.js" for 127.0.0.1 at 2025-07-13 04:42:54 +0900
Started GET "/assets/stimulus.min-4b1e420e.js" for 127.0.0.1 at 2025-07-13 04:42:54 +0900
Started GET "/assets/stimulus-loading-1fc53fe7.js" for 127.0.0.1 at 2025-07-13 04:42:54 +0900
Started GET "/assets/controllers/application-3affb389.js" for 127.0.0.1 at 2025-07-13 04:42:54 +0900
Started GET "/" for 127.0.0.1 at 2025-07-13 04:42:55 +0900
Processing by PagesController#home as HTML
  Rendering layout layouts/application.html.erb
  Rendering pages/home.html.erb within layouts/application
  Rendered pages/home.html.erb within layouts/application (Duration: 0.2ms | GC: 0.0ms)
  Rendered layout layouts/application.html.erb (Duration: 2.1ms | GC: 0.0ms)
Completed 200 OK in 30ms (Views: 2.9ms | ActiveRecord: 0.0ms (0 queries, 0 cached) | GC: 0.0ms)


Started GET "/assets/application-bfcdf840.js" for 127.0.0.1 at 2025-07-13 04:42:55 +0900
Started GET "/assets/stimulus-loading-1fc53fe7.js" for 127.0.0.1 at 2025-07-13 04:42:55 +0900
Started GET "/assets/stimulus.min-4b1e420e.js" for 127.0.0.1 at 2025-07-13 04:42:55 +0900
Started GET "/assets/controllers/hello_controller-708796bd.js" for 127.0.0.1 at 2025-07-13 04:42:55 +0900
Started GET "/assets/controllers/index-ee64e1f1.js" for 127.0.0.1 at 2025-07-13 04:42:55 +0900
Started GET "/assets/controllers/modal_controller-945531d3.js" for 127.0.0.1 at 2025-07-13 04:42:55 +0900
Started GET "/assets/turbo.min-3a2e143f.js" for 127.0.0.1 at 2025-07-13 04:42:55 +0900
Started GET "/assets/controllers/consultation_controller-b4a31fba.js" for 127.0.0.1 at 2025-07-13 04:42:55 +0900
Started GET "/assets/controllers/application-3affb389.js" for 127.0.0.1 at 2025-07-13 04:42:55 +0900
Started GET "/" for 127.0.0.1 at 2025-07-13 04:49:57 +0900
Processing by PagesController#home as HTML
  Rendering layout layouts/application.html.erb
  Rendering pages/home.html.erb within layouts/application
  Rendered pages/home.html.erb within layouts/application (Duration: 0.3ms | GC: 0.0ms)
  Rendered layout layouts/application.html.erb (Duration: 11.0ms | GC: 4.7ms)
Completed 200 OK in 33ms (Views: 12.4ms | ActiveRecord: 0.0ms (0 queries, 0 cached) | GC: 4.7ms)


Started GET "/assets/tailwind-8194ca93.css" for 127.0.0.1 at 2025-07-13 04:49:57 +0900
Started GET "/assets/turbo.min-3a2e143f.js" for 127.0.0.1 at 2025-07-13 04:49:57 +0900
Started GET "/assets/stimulus.min-4b1e420e.js" for 127.0.0.1 at 2025-07-13 04:49:57 +0900
Started GET "/assets/controllers/consultation_controller-b4a31fba.js" for 127.0.0.1 at 2025-07-13 04:49:57 +0900
Started GET "/assets/controllers/hello_controller-708796bd.js" for 127.0.0.1 at 2025-07-13 04:49:57 +0900
Started GET "/assets/controllers/index-ee64e1f1.js" for 127.0.0.1 at 2025-07-13 04:49:57 +0900
Started GET "/assets/controllers/modal_controller-945531d3.js" for 127.0.0.1 at 2025-07-13 04:49:57 +0900
Started GET "/assets/application-bfcdf840.js" for 127.0.0.1 at 2025-07-13 04:49:57 +0900
Started GET "/assets/stimulus-loading-1fc53fe7.js" for 127.0.0.1 at 2025-07-13 04:49:57 +0900
Started GET "/assets/controllers/application-3affb389.js" for 127.0.0.1 at 2025-07-13 04:49:57 +0900
Started GET "/" for 127.0.0.1 at 2025-07-13 04:49:58 +0900
Processing by PagesController#home as HTML
  Rendering layout layouts/application.html.erb
  Rendering pages/home.html.erb within layouts/application
  Rendered pages/home.html.erb within layouts/application (Duration: 0.1ms | GC: 0.0ms)
  Rendered layout layouts/application.html.erb (Duration: 1.0ms | GC: 0.0ms)
Completed 200 OK in 32ms (Views: 2.2ms | ActiveRecord: 0.0ms (0 queries, 0 cached) | GC: 0.0ms)


Started GET "/" for 127.0.0.1 at 2025-07-13 04:49:58 +0900
Processing by PagesController#home as HTML
  Rendering layout layouts/application.html.erb
  Rendering pages/home.html.erb within layouts/application
  Rendered pages/home.html.erb within layouts/application (Duration: 0.0ms | GC: 0.0ms)
  Rendered layout layouts/application.html.erb (Duration: 0.8ms | GC: 0.0ms)
Completed 200 OK in 32ms (Views: 1.2ms | ActiveRecord: 0.0ms (0 queries, 0 cached) | GC: 0.1ms)


Started GET "/assets/application-bfcdf840.js" for 127.0.0.1 at 2025-07-13 04:49:58 +0900
Started GET "/assets/turbo.min-3a2e143f.js" for 127.0.0.1 at 2025-07-13 04:49:58 +0900
Started GET "/assets/controllers/consultation_controller-b4a31fba.js" for 127.0.0.1 at 2025-07-13 04:49:58 +0900
Started GET "/assets/controllers/hello_controller-708796bd.js" for 127.0.0.1 at 2025-07-13 04:49:58 +0900
Started GET "/assets/controllers/index-ee64e1f1.js" for 127.0.0.1 at 2025-07-13 04:49:58 +0900
Started GET "/assets/controllers/modal_controller-945531d3.js" for 127.0.0.1 at 2025-07-13 04:49:58 +0900
Started GET "/assets/controllers/application-3affb389.js" for 127.0.0.1 at 2025-07-13 04:49:58 +0900
Started GET "/assets/stimulus-loading-1fc53fe7.js" for 127.0.0.1 at 2025-07-13 04:49:58 +0900
Started GET "/assets/stimulus.min-4b1e420e.js" for 127.0.0.1 at 2025-07-13 04:49:58 +0900
Started GET "/" for 127.0.0.1 at 2025-07-13 04:49:58 +0900
Processing by PagesController#home as HTML
  Rendering layout layouts/application.html.erb
  Rendering pages/home.html.erb within layouts/application
  Rendered pages/home.html.erb within layouts/application (Duration: 0.2ms | GC: 0.0ms)
  Rendered layout layouts/application.html.erb (Duration: 0.6ms | GC: 0.0ms)
Completed 200 OK in 30ms (Views: 1.1ms | ActiveRecord: 0.0ms (0 queries, 0 cached) | GC: 0.0ms)


Started GET "/assets/application-bfcdf840.js" for 127.0.0.1 at 2025-07-13 04:49:59 +0900
Started GET "/assets/stimulus.min-4b1e420e.js" for 127.0.0.1 at 2025-07-13 04:49:59 +0900
Started GET "/assets/turbo.min-3a2e143f.js" for 127.0.0.1 at 2025-07-13 04:49:59 +0900
Started GET "/assets/controllers/hello_controller-708796bd.js" for 127.0.0.1 at 2025-07-13 04:49:59 +0900
Started GET "/assets/controllers/modal_controller-945531d3.js" for 127.0.0.1 at 2025-07-13 04:49:59 +0900
Started GET "/assets/controllers/index-ee64e1f1.js" for 127.0.0.1 at 2025-07-13 04:49:59 +0900
Started GET "/" for 127.0.0.1 at 2025-07-13 04:49:59 +0900
Processing by PagesController#home as HTML
  Rendering layout layouts/application.html.erb
  Rendering pages/home.html.erb within layouts/application
  Rendered pages/home.html.erb within layouts/application (Duration: 0.3ms | GC: 0.0ms)
  Rendered layout layouts/application.html.erb (Duration: 2.5ms | GC: 0.0ms)
Completed 200 OK in 39ms (Views: 4.6ms | ActiveRecord: 0.0ms (0 queries, 0 cached) | GC: 0.3ms)


Started GET "/assets/application-bfcdf840.js" for 127.0.0.1 at 2025-07-13 04:49:59 +0900
Started GET "/assets/turbo.min-3a2e143f.js" for 127.0.0.1 at 2025-07-13 04:49:59 +0900
Started GET "/assets/stimulus.min-4b1e420e.js" for 127.0.0.1 at 2025-07-13 04:49:59 +0900
Started GET "/assets/controllers/hello_controller-708796bd.js" for 127.0.0.1 at 2025-07-13 04:49:59 +0900
Started GET "/assets/controllers/index-ee64e1f1.js" for 127.0.0.1 at 2025-07-13 04:49:59 +0900
Started GET "/assets/controllers/modal_controller-945531d3.js" for 127.0.0.1 at 2025-07-13 04:49:59 +0900
Started GET "/assets/stimulus-loading-1fc53fe7.js" for 127.0.0.1 at 2025-07-13 04:49:59 +0900
Started GET "/assets/controllers/consultation_controller-b4a31fba.js" for 127.0.0.1 at 2025-07-13 04:49:59 +0900
Started GET "/assets/controllers/application-3affb389.js" for 127.0.0.1 at 2025-07-13 04:49:59 +0900
Started GET "/assets/stimulus-loading-1fc53fe7.js" for 127.0.0.1 at 2025-07-13 04:49:59 +0900
Started GET "/assets/controllers/application-3affb389.js" for 127.0.0.1 at 2025-07-13 04:49:59 +0900
Started GET "/assets/controllers/consultation_controller-b4a31fba.js" for 127.0.0.1 at 2025-07-13 04:49:59 +0900
Started GET "/" for 127.0.0.1 at 2025-07-13 04:58:30 +0900
Processing by PagesController#home as HTML
  Rendering layout layouts/application.html.erb
  Rendering pages/home.html.erb within layouts/application
  Rendered pages/home.html.erb within layouts/application (Duration: 0.3ms | GC: 0.0ms)
  Rendered layout layouts/application.html.erb (Duration: 3.6ms | GC: 0.1ms)
Completed 200 OK in 22ms (Views: 4.6ms | ActiveRecord: 0.0ms (0 queries, 0 cached) | GC: 0.1ms)


Started GET "/assets/application-bfcdf840.js" for 127.0.0.1 at 2025-07-13 04:58:30 +0900
Started GET "/assets/stimulus.min-4b1e420e.js" for 127.0.0.1 at 2025-07-13 04:58:30 +0900
Started GET "/assets/controllers/consultation_controller-b4a31fba.js" for 127.0.0.1 at 2025-07-13 04:58:30 +0900
Started GET "/assets/controllers/hello_controller-708796bd.js" for 127.0.0.1 at 2025-07-13 04:58:30 +0900
Started GET "/assets/controllers/modal_controller-945531d3.js" for 127.0.0.1 at 2025-07-13 04:58:30 +0900
Started GET "/assets/controllers/index-ee64e1f1.js" for 127.0.0.1 at 2025-07-13 04:58:30 +0900
Started GET "/assets/turbo.min-3a2e143f.js" for 127.0.0.1 at 2025-07-13 04:58:31 +0900
Started GET "/assets/stimulus-loading-1fc53fe7.js" for 127.0.0.1 at 2025-07-13 04:58:31 +0900
Started GET "/assets/controllers/application-3affb389.js" for 127.0.0.1 at 2025-07-13 04:58:31 +0900
Started GET "/" for 127.0.0.1 at 2025-07-13 04:58:56 +0900
Processing by PagesController#home as HTML
Completed 406 Not Acceptable in 21ms (ActiveRecord: 0.0ms (0 queries, 0 cached) | GC: 0.0ms)


  
ActionController::MissingExactTemplate (PagesController#home is missing a template for request formats: text/html):
  
actionpack (8.0.2) lib/action_controller/metal/implicit_render.rb:49:in `default_render'
actionpack (8.0.2) lib/action_controller/metal/basic_implicit_render.rb:9:in `send_action'
actionpack (8.0.2) lib/abstract_controller/base.rb:226:in `process_action'
actionpack (8.0.2) lib/action_controller/metal/rendering.rb:193:in `process_action'
actionpack (8.0.2) lib/abstract_controller/callbacks.rb:261:in `block in process_action'
activesupport (8.0.2) lib/active_support/callbacks.rb:120:in `block in run_callbacks'
turbo-rails (2.0.16) lib/turbo-rails.rb:24:in `with_request_id'
turbo-rails (2.0.16) app/controllers/concerns/turbo/request_id_tracking.rb:10:in `turbo_tracking_request_id'
activesupport (8.0.2) lib/active_support/callbacks.rb:129:in `block in run_callbacks'
actiontext (8.0.2) lib/action_text/rendering.rb:25:in `with_renderer'
actiontext (8.0.2) lib/action_text/engine.rb:71:in `block (4 levels) in <class:Engine>'
activesupport (8.0.2) lib/active_support/callbacks.rb:129:in `instance_exec'
activesupport (8.0.2) lib/active_support/callbacks.rb:129:in `block in run_callbacks'
activesupport (8.0.2) lib/active_support/callbacks.rb:140:in `run_callbacks'
actionpack (8.0.2) lib/abstract_controller/callbacks.rb:260:in `process_action'
actionpack (8.0.2) lib/action_controller/metal/rescue.rb:27:in `process_action'
actionpack (8.0.2) lib/action_controller/metal/instrumentation.rb:76:in `block in process_action'
activesupport (8.0.2) lib/active_support/notifications.rb:210:in `block in instrument'
activesupport (8.0.2) lib/active_support/notifications/instrumenter.rb:58:in `instrument'
activesupport (8.0.2) lib/active_support/notifications.rb:210:in `instrument'
actionpack (8.0.2) lib/action_controller/metal/instrumentation.rb:75:in `process_action'
actionpack (8.0.2) lib/action_controller/metal/params_wrapper.rb:259:in `process_action'
activerecord (8.0.2) lib/active_record/railties/controller_runtime.rb:39:in `process_action'
actionpack (8.0.2) lib/abstract_controller/base.rb:163:in `process'
actionview (8.0.2) lib/action_view/rendering.rb:40:in `process'
actionpack (8.0.2) lib/action_controller/metal.rb:252:in `dispatch'
actionpack (8.0.2) lib/action_controller/metal.rb:335:in `dispatch'
actionpack (8.0.2) lib/action_dispatch/routing/route_set.rb:67:in `dispatch'
actionpack (8.0.2) lib/action_dispatch/routing/route_set.rb:50:in `serve'
actionpack (8.0.2) lib/action_dispatch/journey/router.rb:53:in `block in serve'
actionpack (8.0.2) lib/action_dispatch/journey/router.rb:133:in `block in find_routes'
actionpack (8.0.2) lib/action_dispatch/journey/router.rb:126:in `each'
actionpack (8.0.2) lib/action_dispatch/journey/router.rb:126:in `find_routes'
actionpack (8.0.2) lib/action_dispatch/journey/router.rb:34:in `serve'
actionpack (8.0.2) lib/action_dispatch/routing/route_set.rb:908:in `call'
railties (8.0.2) lib/rails/engine/lazy_route_set.rb:68:in `call'
rack (3.1.16) lib/rack/tempfile_reaper.rb:20:in `call'
rack (3.1.16) lib/rack/etag.rb:29:in `call'
rack (3.1.16) lib/rack/conditional_get.rb:31:in `call'
rack (3.1.16) lib/rack/head.rb:15:in `call'
actionpack (8.0.2) lib/action_dispatch/http/permissions_policy.rb:38:in `call'
actionpack (8.0.2) lib/action_dispatch/http/content_security_policy.rb:38:in `call'
rack-session (2.1.1) lib/rack/session/abstract/id.rb:274:in `context'
rack-session (2.1.1) lib/rack/session/abstract/id.rb:268:in `call'
actionpack (8.0.2) lib/action_dispatch/middleware/cookies.rb:706:in `call'
activerecord (8.0.2) lib/active_record/migration.rb:671:in `call'
actionpack (8.0.2) lib/action_dispatch/middleware/callbacks.rb:31:in `block in call'
activesupport (8.0.2) lib/active_support/callbacks.rb:100:in `run_callbacks'
actionpack (8.0.2) lib/action_dispatch/middleware/callbacks.rb:30:in `call'
actionpack (8.0.2) lib/action_dispatch/middleware/executor.rb:16:in `call'
actionpack (8.0.2) lib/action_dispatch/middleware/actionable_exceptions.rb:18:in `call'
actionpack (8.0.2) lib/action_dispatch/middleware/debug_exceptions.rb:31:in `call'
web-console (4.2.1) lib/web_console/middleware.rb:132:in `call_app'
web-console (4.2.1) lib/web_console/middleware.rb:28:in `block in call'
web-console (4.2.1) lib/web_console/middleware.rb:17:in `catch'
web-console (4.2.1) lib/web_console/middleware.rb:17:in `call'
actionpack (8.0.2) lib/action_dispatch/middleware/show_exceptions.rb:32:in `call'
railties (8.0.2) lib/rails/rack/logger.rb:41:in `call_app'
railties (8.0.2) lib/rails/rack/logger.rb:29:in `call'
actionpack (8.0.2) lib/action_dispatch/middleware/remote_ip.rb:96:in `call'
actionpack (8.0.2) lib/action_dispatch/middleware/request_id.rb:34:in `call'
rack (3.1.16) lib/rack/method_override.rb:28:in `call'
rack (3.1.16) lib/rack/runtime.rb:24:in `call'
actionpack (8.0.2) lib/action_dispatch/middleware/server_timing.rb:61:in `block in call'
actionpack (8.0.2) lib/action_dispatch/middleware/server_timing.rb:26:in `collect_events'
actionpack (8.0.2) lib/action_dispatch/middleware/server_timing.rb:60:in `call'
actionpack (8.0.2) lib/action_dispatch/middleware/executor.rb:16:in `call'
actionpack (8.0.2) lib/action_dispatch/middleware/static.rb:27:in `call'
rack (3.1.16) lib/rack/sendfile.rb:114:in `call'
actionpack (8.0.2) lib/action_dispatch/middleware/host_authorization.rb:143:in `call'
railties (8.0.2) lib/rails/engine.rb:535:in `call'
puma (6.6.0) lib/puma/configuration.rb:279:in `call'
puma (6.6.0) lib/puma/request.rb:99:in `block in handle_request'
puma (6.6.0) lib/puma/thread_pool.rb:390:in `with_force_shutdown'
puma (6.6.0) lib/puma/request.rb:98:in `handle_request'
puma (6.6.0) lib/puma/server.rb:472:in `process_client'
puma (6.6.0) lib/puma/server.rb:254:in `block in run'
puma (6.6.0) lib/puma/thread_pool.rb:167:in `block in spawn_thread'
Started GET "/favicon.ico" for 127.0.0.1 at 2025-07-13 04:58:56 +0900
  
ActionController::RoutingError (No route matches [GET] "/favicon.ico"):
  
Started GET "/" for 127.0.0.1 at 2025-07-13 04:58:57 +0900
Processing by PagesController#home as HTML
Completed 406 Not Acceptable in 26ms (ActiveRecord: 0.0ms (0 queries, 0 cached) | GC: 0.0ms)


  
ActionController::MissingExactTemplate (PagesController#home is missing a template for request formats: text/html):
  
actionpack (8.0.2) lib/action_controller/metal/implicit_render.rb:49:in `default_render'
actionpack (8.0.2) lib/action_controller/metal/basic_implicit_render.rb:9:in `send_action'
actionpack (8.0.2) lib/abstract_controller/base.rb:226:in `process_action'
actionpack (8.0.2) lib/action_controller/metal/rendering.rb:193:in `process_action'
actionpack (8.0.2) lib/abstract_controller/callbacks.rb:261:in `block in process_action'
activesupport (8.0.2) lib/active_support/callbacks.rb:120:in `block in run_callbacks'
turbo-rails (2.0.16) lib/turbo-rails.rb:24:in `with_request_id'
turbo-rails (2.0.16) app/controllers/concerns/turbo/request_id_tracking.rb:10:in `turbo_tracking_request_id'
activesupport (8.0.2) lib/active_support/callbacks.rb:129:in `block in run_callbacks'
actiontext (8.0.2) lib/action_text/rendering.rb:25:in `with_renderer'
actiontext (8.0.2) lib/action_text/engine.rb:71:in `block (4 levels) in <class:Engine>'
activesupport (8.0.2) lib/active_support/callbacks.rb:129:in `instance_exec'
activesupport (8.0.2) lib/active_support/callbacks.rb:129:in `block in run_callbacks'
activesupport (8.0.2) lib/active_support/callbacks.rb:140:in `run_callbacks'
actionpack (8.0.2) lib/abstract_controller/callbacks.rb:260:in `process_action'
actionpack (8.0.2) lib/action_controller/metal/rescue.rb:27:in `process_action'
actionpack (8.0.2) lib/action_controller/metal/instrumentation.rb:76:in `block in process_action'
activesupport (8.0.2) lib/active_support/notifications.rb:210:in `block in instrument'
activesupport (8.0.2) lib/active_support/notifications/instrumenter.rb:58:in `instrument'
activesupport (8.0.2) lib/active_support/notifications.rb:210:in `instrument'
actionpack (8.0.2) lib/action_controller/metal/instrumentation.rb:75:in `process_action'
actionpack (8.0.2) lib/action_controller/metal/params_wrapper.rb:259:in `process_action'
activerecord (8.0.2) lib/active_record/railties/controller_runtime.rb:39:in `process_action'
actionpack (8.0.2) lib/abstract_controller/base.rb:163:in `process'
actionview (8.0.2) lib/action_view/rendering.rb:40:in `process'
actionpack (8.0.2) lib/action_controller/metal.rb:252:in `dispatch'
actionpack (8.0.2) lib/action_controller/metal.rb:335:in `dispatch'
actionpack (8.0.2) lib/action_dispatch/routing/route_set.rb:67:in `dispatch'
actionpack (8.0.2) lib/action_dispatch/routing/route_set.rb:50:in `serve'
actionpack (8.0.2) lib/action_dispatch/journey/router.rb:53:in `block in serve'
actionpack (8.0.2) lib/action_dispatch/journey/router.rb:133:in `block in find_routes'
actionpack (8.0.2) lib/action_dispatch/journey/router.rb:126:in `each'
actionpack (8.0.2) lib/action_dispatch/journey/router.rb:126:in `find_routes'
actionpack (8.0.2) lib/action_dispatch/journey/router.rb:34:in `serve'
actionpack (8.0.2) lib/action_dispatch/routing/route_set.rb:908:in `call'
railties (8.0.2) lib/rails/engine/lazy_route_set.rb:68:in `call'
rack (3.1.16) lib/rack/tempfile_reaper.rb:20:in `call'
rack (3.1.16) lib/rack/etag.rb:29:in `call'
rack (3.1.16) lib/rack/conditional_get.rb:31:in `call'
rack (3.1.16) lib/rack/head.rb:15:in `call'
actionpack (8.0.2) lib/action_dispatch/http/permissions_policy.rb:38:in `call'
actionpack (8.0.2) lib/action_dispatch/http/content_security_policy.rb:38:in `call'
rack-session (2.1.1) lib/rack/session/abstract/id.rb:274:in `context'
rack-session (2.1.1) lib/rack/session/abstract/id.rb:268:in `call'
actionpack (8.0.2) lib/action_dispatch/middleware/cookies.rb:706:in `call'
activerecord (8.0.2) lib/active_record/migration.rb:671:in `call'
actionpack (8.0.2) lib/action_dispatch/middleware/callbacks.rb:31:in `block in call'
activesupport (8.0.2) lib/active_support/callbacks.rb:100:in `run_callbacks'
actionpack (8.0.2) lib/action_dispatch/middleware/callbacks.rb:30:in `call'
actionpack (8.0.2) lib/action_dispatch/middleware/executor.rb:16:in `call'
actionpack (8.0.2) lib/action_dispatch/middleware/actionable_exceptions.rb:18:in `call'
actionpack (8.0.2) lib/action_dispatch/middleware/debug_exceptions.rb:31:in `call'
web-console (4.2.1) lib/web_console/middleware.rb:132:in `call_app'
web-console (4.2.1) lib/web_console/middleware.rb:28:in `block in call'
web-console (4.2.1) lib/web_console/middleware.rb:17:in `catch'
web-console (4.2.1) lib/web_console/middleware.rb:17:in `call'
actionpack (8.0.2) lib/action_dispatch/middleware/show_exceptions.rb:32:in `call'
railties (8.0.2) lib/rails/rack/logger.rb:41:in `call_app'
railties (8.0.2) lib/rails/rack/logger.rb:29:in `call'
actionpack (8.0.2) lib/action_dispatch/middleware/remote_ip.rb:96:in `call'
actionpack (8.0.2) lib/action_dispatch/middleware/request_id.rb:34:in `call'
rack (3.1.16) lib/rack/method_override.rb:28:in `call'
rack (3.1.16) lib/rack/runtime.rb:24:in `call'
actionpack (8.0.2) lib/action_dispatch/middleware/server_timing.rb:61:in `block in call'
actionpack (8.0.2) lib/action_dispatch/middleware/server_timing.rb:26:in `collect_events'
actionpack (8.0.2) lib/action_dispatch/middleware/server_timing.rb:60:in `call'
actionpack (8.0.2) lib/action_dispatch/middleware/executor.rb:16:in `call'
actionpack (8.0.2) lib/action_dispatch/middleware/static.rb:27:in `call'
rack (3.1.16) lib/rack/sendfile.rb:114:in `call'
actionpack (8.0.2) lib/action_dispatch/middleware/host_authorization.rb:143:in `call'
railties (8.0.2) lib/rails/engine.rb:535:in `call'
puma (6.6.0) lib/puma/configuration.rb:279:in `call'
puma (6.6.0) lib/puma/request.rb:99:in `block in handle_request'
puma (6.6.0) lib/puma/thread_pool.rb:390:in `with_force_shutdown'
puma (6.6.0) lib/puma/request.rb:98:in `handle_request'
puma (6.6.0) lib/puma/server.rb:472:in `process_client'
puma (6.6.0) lib/puma/server.rb:254:in `block in run'
puma (6.6.0) lib/puma/thread_pool.rb:167:in `block in spawn_thread'
Started GET "/" for 127.0.0.1 at 2025-07-13 04:59:01 +0900
Processing by PagesController#home as HTML
Completed 406 Not Acceptable in 23ms (ActiveRecord: 0.0ms (0 queries, 0 cached) | GC: 0.0ms)


  
ActionController::MissingExactTemplate (PagesController#home is missing a template for request formats: text/html):
  
actionpack (8.0.2) lib/action_controller/metal/implicit_render.rb:49:in `default_render'
actionpack (8.0.2) lib/action_controller/metal/basic_implicit_render.rb:9:in `send_action'
actionpack (8.0.2) lib/abstract_controller/base.rb:226:in `process_action'
actionpack (8.0.2) lib/action_controller/metal/rendering.rb:193:in `process_action'
actionpack (8.0.2) lib/abstract_controller/callbacks.rb:261:in `block in process_action'
activesupport (8.0.2) lib/active_support/callbacks.rb:120:in `block in run_callbacks'
turbo-rails (2.0.16) lib/turbo-rails.rb:24:in `with_request_id'
turbo-rails (2.0.16) app/controllers/concerns/turbo/request_id_tracking.rb:10:in `turbo_tracking_request_id'
activesupport (8.0.2) lib/active_support/callbacks.rb:129:in `block in run_callbacks'
actiontext (8.0.2) lib/action_text/rendering.rb:25:in `with_renderer'
actiontext (8.0.2) lib/action_text/engine.rb:71:in `block (4 levels) in <class:Engine>'
activesupport (8.0.2) lib/active_support/callbacks.rb:129:in `instance_exec'
activesupport (8.0.2) lib/active_support/callbacks.rb:129:in `block in run_callbacks'
activesupport (8.0.2) lib/active_support/callbacks.rb:140:in `run_callbacks'
actionpack (8.0.2) lib/abstract_controller/callbacks.rb:260:in `process_action'
actionpack (8.0.2) lib/action_controller/metal/rescue.rb:27:in `process_action'
actionpack (8.0.2) lib/action_controller/metal/instrumentation.rb:76:in `block in process_action'
activesupport (8.0.2) lib/active_support/notifications.rb:210:in `block in instrument'
activesupport (8.0.2) lib/active_support/notifications/instrumenter.rb:58:in `instrument'
activesupport (8.0.2) lib/active_support/notifications.rb:210:in `instrument'
actionpack (8.0.2) lib/action_controller/metal/instrumentation.rb:75:in `process_action'
actionpack (8.0.2) lib/action_controller/metal/params_wrapper.rb:259:in `process_action'
activerecord (8.0.2) lib/active_record/railties/controller_runtime.rb:39:in `process_action'
actionpack (8.0.2) lib/abstract_controller/base.rb:163:in `process'
actionview (8.0.2) lib/action_view/rendering.rb:40:in `process'
actionpack (8.0.2) lib/action_controller/metal.rb:252:in `dispatch'
actionpack (8.0.2) lib/action_controller/metal.rb:335:in `dispatch'
actionpack (8.0.2) lib/action_dispatch/routing/route_set.rb:67:in `dispatch'
actionpack (8.0.2) lib/action_dispatch/routing/route_set.rb:50:in `serve'
actionpack (8.0.2) lib/action_dispatch/journey/router.rb:53:in `block in serve'
actionpack (8.0.2) lib/action_dispatch/journey/router.rb:133:in `block in find_routes'
actionpack (8.0.2) lib/action_dispatch/journey/router.rb:126:in `each'
actionpack (8.0.2) lib/action_dispatch/journey/router.rb:126:in `find_routes'
actionpack (8.0.2) lib/action_dispatch/journey/router.rb:34:in `serve'
actionpack (8.0.2) lib/action_dispatch/routing/route_set.rb:908:in `call'
railties (8.0.2) lib/rails/engine/lazy_route_set.rb:68:in `call'
rack (3.1.16) lib/rack/tempfile_reaper.rb:20:in `call'
rack (3.1.16) lib/rack/etag.rb:29:in `call'
rack (3.1.16) lib/rack/conditional_get.rb:31:in `call'
rack (3.1.16) lib/rack/head.rb:15:in `call'
actionpack (8.0.2) lib/action_dispatch/http/permissions_policy.rb:38:in `call'
actionpack (8.0.2) lib/action_dispatch/http/content_security_policy.rb:38:in `call'
rack-session (2.1.1) lib/rack/session/abstract/id.rb:274:in `context'
rack-session (2.1.1) lib/rack/session/abstract/id.rb:268:in `call'
actionpack (8.0.2) lib/action_dispatch/middleware/cookies.rb:706:in `call'
activerecord (8.0.2) lib/active_record/migration.rb:671:in `call'
actionpack (8.0.2) lib/action_dispatch/middleware/callbacks.rb:31:in `block in call'
activesupport (8.0.2) lib/active_support/callbacks.rb:100:in `run_callbacks'
actionpack (8.0.2) lib/action_dispatch/middleware/callbacks.rb:30:in `call'
actionpack (8.0.2) lib/action_dispatch/middleware/executor.rb:16:in `call'
actionpack (8.0.2) lib/action_dispatch/middleware/actionable_exceptions.rb:18:in `call'
actionpack (8.0.2) lib/action_dispatch/middleware/debug_exceptions.rb:31:in `call'
web-console (4.2.1) lib/web_console/middleware.rb:132:in `call_app'
web-console (4.2.1) lib/web_console/middleware.rb:28:in `block in call'
web-console (4.2.1) lib/web_console/middleware.rb:17:in `catch'
web-console (4.2.1) lib/web_console/middleware.rb:17:in `call'
actionpack (8.0.2) lib/action_dispatch/middleware/show_exceptions.rb:32:in `call'
railties (8.0.2) lib/rails/rack/logger.rb:41:in `call_app'
railties (8.0.2) lib/rails/rack/logger.rb:29:in `call'
actionpack (8.0.2) lib/action_dispatch/middleware/remote_ip.rb:96:in `call'
actionpack (8.0.2) lib/action_dispatch/middleware/request_id.rb:34:in `call'
rack (3.1.16) lib/rack/method_override.rb:28:in `call'
rack (3.1.16) lib/rack/runtime.rb:24:in `call'
actionpack (8.0.2) lib/action_dispatch/middleware/server_timing.rb:61:in `block in call'
actionpack (8.0.2) lib/action_dispatch/middleware/server_timing.rb:26:in `collect_events'
actionpack (8.0.2) lib/action_dispatch/middleware/server_timing.rb:60:in `call'
actionpack (8.0.2) lib/action_dispatch/middleware/executor.rb:16:in `call'
actionpack (8.0.2) lib/action_dispatch/middleware/static.rb:27:in `call'
rack (3.1.16) lib/rack/sendfile.rb:114:in `call'
actionpack (8.0.2) lib/action_dispatch/middleware/host_authorization.rb:143:in `call'
railties (8.0.2) lib/rails/engine.rb:535:in `call'
puma (6.6.0) lib/puma/configuration.rb:279:in `call'
puma (6.6.0) lib/puma/request.rb:99:in `block in handle_request'
puma (6.6.0) lib/puma/thread_pool.rb:390:in `with_force_shutdown'
puma (6.6.0) lib/puma/request.rb:98:in `handle_request'
puma (6.6.0) lib/puma/server.rb:472:in `process_client'
puma (6.6.0) lib/puma/server.rb:254:in `block in run'
puma (6.6.0) lib/puma/thread_pool.rb:167:in `block in spawn_thread'
Started GET "/" for 127.0.0.1 at 2025-07-13 04:59:02 +0900
Processing by PagesController#home as HTML
Completed 406 Not Acceptable in 26ms (ActiveRecord: 0.0ms (0 queries, 0 cached) | GC: 0.0ms)


  
ActionController::MissingExactTemplate (PagesController#home is missing a template for request formats: text/html):
  
actionpack (8.0.2) lib/action_controller/metal/implicit_render.rb:49:in `default_render'
actionpack (8.0.2) lib/action_controller/metal/basic_implicit_render.rb:9:in `send_action'
actionpack (8.0.2) lib/abstract_controller/base.rb:226:in `process_action'
actionpack (8.0.2) lib/action_controller/metal/rendering.rb:193:in `process_action'
actionpack (8.0.2) lib/abstract_controller/callbacks.rb:261:in `block in process_action'
activesupport (8.0.2) lib/active_support/callbacks.rb:120:in `block in run_callbacks'
turbo-rails (2.0.16) lib/turbo-rails.rb:24:in `with_request_id'
turbo-rails (2.0.16) app/controllers/concerns/turbo/request_id_tracking.rb:10:in `turbo_tracking_request_id'
activesupport (8.0.2) lib/active_support/callbacks.rb:129:in `block in run_callbacks'
actiontext (8.0.2) lib/action_text/rendering.rb:25:in `with_renderer'
actiontext (8.0.2) lib/action_text/engine.rb:71:in `block (4 levels) in <class:Engine>'
activesupport (8.0.2) lib/active_support/callbacks.rb:129:in `instance_exec'
activesupport (8.0.2) lib/active_support/callbacks.rb:129:in `block in run_callbacks'
activesupport (8.0.2) lib/active_support/callbacks.rb:140:in `run_callbacks'
actionpack (8.0.2) lib/abstract_controller/callbacks.rb:260:in `process_action'
actionpack (8.0.2) lib/action_controller/metal/rescue.rb:27:in `process_action'
actionpack (8.0.2) lib/action_controller/metal/instrumentation.rb:76:in `block in process_action'
activesupport (8.0.2) lib/active_support/notifications.rb:210:in `block in instrument'
activesupport (8.0.2) lib/active_support/notifications/instrumenter.rb:58:in `instrument'
activesupport (8.0.2) lib/active_support/notifications.rb:210:in `instrument'
actionpack (8.0.2) lib/action_controller/metal/instrumentation.rb:75:in `process_action'
actionpack (8.0.2) lib/action_controller/metal/params_wrapper.rb:259:in `process_action'
activerecord (8.0.2) lib/active_record/railties/controller_runtime.rb:39:in `process_action'
actionpack (8.0.2) lib/abstract_controller/base.rb:163:in `process'
actionview (8.0.2) lib/action_view/rendering.rb:40:in `process'
actionpack (8.0.2) lib/action_controller/metal.rb:252:in `dispatch'
actionpack (8.0.2) lib/action_controller/metal.rb:335:in `dispatch'
actionpack (8.0.2) lib/action_dispatch/routing/route_set.rb:67:in `dispatch'
actionpack (8.0.2) lib/action_dispatch/routing/route_set.rb:50:in `serve'
actionpack (8.0.2) lib/action_dispatch/journey/router.rb:53:in `block in serve'
actionpack (8.0.2) lib/action_dispatch/journey/router.rb:133:in `block in find_routes'
actionpack (8.0.2) lib/action_dispatch/journey/router.rb:126:in `each'
actionpack (8.0.2) lib/action_dispatch/journey/router.rb:126:in `find_routes'
actionpack (8.0.2) lib/action_dispatch/journey/router.rb:34:in `serve'
actionpack (8.0.2) lib/action_dispatch/routing/route_set.rb:908:in `call'
railties (8.0.2) lib/rails/engine/lazy_route_set.rb:68:in `call'
rack (3.1.16) lib/rack/tempfile_reaper.rb:20:in `call'
rack (3.1.16) lib/rack/etag.rb:29:in `call'
rack (3.1.16) lib/rack/conditional_get.rb:31:in `call'
rack (3.1.16) lib/rack/head.rb:15:in `call'
actionpack (8.0.2) lib/action_dispatch/http/permissions_policy.rb:38:in `call'
actionpack (8.0.2) lib/action_dispatch/http/content_security_policy.rb:38:in `call'
rack-session (2.1.1) lib/rack/session/abstract/id.rb:274:in `context'
rack-session (2.1.1) lib/rack/session/abstract/id.rb:268:in `call'
actionpack (8.0.2) lib/action_dispatch/middleware/cookies.rb:706:in `call'
activerecord (8.0.2) lib/active_record/migration.rb:671:in `call'
actionpack (8.0.2) lib/action_dispatch/middleware/callbacks.rb:31:in `block in call'
activesupport (8.0.2) lib/active_support/callbacks.rb:100:in `run_callbacks'
actionpack (8.0.2) lib/action_dispatch/middleware/callbacks.rb:30:in `call'
actionpack (8.0.2) lib/action_dispatch/middleware/executor.rb:16:in `call'
actionpack (8.0.2) lib/action_dispatch/middleware/actionable_exceptions.rb:18:in `call'
actionpack (8.0.2) lib/action_dispatch/middleware/debug_exceptions.rb:31:in `call'
web-console (4.2.1) lib/web_console/middleware.rb:132:in `call_app'
web-console (4.2.1) lib/web_console/middleware.rb:28:in `block in call'
web-console (4.2.1) lib/web_console/middleware.rb:17:in `catch'
web-console (4.2.1) lib/web_console/middleware.rb:17:in `call'
actionpack (8.0.2) lib/action_dispatch/middleware/show_exceptions.rb:32:in `call'
railties (8.0.2) lib/rails/rack/logger.rb:41:in `call_app'
railties (8.0.2) lib/rails/rack/logger.rb:29:in `call'
actionpack (8.0.2) lib/action_dispatch/middleware/remote_ip.rb:96:in `call'
actionpack (8.0.2) lib/action_dispatch/middleware/request_id.rb:34:in `call'
rack (3.1.16) lib/rack/method_override.rb:28:in `call'
rack (3.1.16) lib/rack/runtime.rb:24:in `call'
actionpack (8.0.2) lib/action_dispatch/middleware/server_timing.rb:61:in `block in call'
actionpack (8.0.2) lib/action_dispatch/middleware/server_timing.rb:26:in `collect_events'
actionpack (8.0.2) lib/action_dispatch/middleware/server_timing.rb:60:in `call'
actionpack (8.0.2) lib/action_dispatch/middleware/executor.rb:16:in `call'
actionpack (8.0.2) lib/action_dispatch/middleware/static.rb:27:in `call'
rack (3.1.16) lib/rack/sendfile.rb:114:in `call'
actionpack (8.0.2) lib/action_dispatch/middleware/host_authorization.rb:143:in `call'
railties (8.0.2) lib/rails/engine.rb:535:in `call'
puma (6.6.0) lib/puma/configuration.rb:279:in `call'
puma (6.6.0) lib/puma/request.rb:99:in `block in handle_request'
puma (6.6.0) lib/puma/thread_pool.rb:390:in `with_force_shutdown'
puma (6.6.0) lib/puma/request.rb:98:in `handle_request'
puma (6.6.0) lib/puma/server.rb:472:in `process_client'
puma (6.6.0) lib/puma/server.rb:254:in `block in run'
puma (6.6.0) lib/puma/thread_pool.rb:167:in `block in spawn_thread'
Started GET "/" for 127.0.0.1 at 2025-07-13 04:59:02 +0900
Processing by PagesController#home as HTML
Completed 406 Not Acceptable in 31ms (ActiveRecord: 0.0ms (0 queries, 0 cached) | GC: 0.0ms)


  
ActionController::MissingExactTemplate (PagesController#home is missing a template for request formats: text/html):
  
actionpack (8.0.2) lib/action_controller/metal/implicit_render.rb:49:in `default_render'
actionpack (8.0.2) lib/action_controller/metal/basic_implicit_render.rb:9:in `send_action'
actionpack (8.0.2) lib/abstract_controller/base.rb:226:in `process_action'
actionpack (8.0.2) lib/action_controller/metal/rendering.rb:193:in `process_action'
actionpack (8.0.2) lib/abstract_controller/callbacks.rb:261:in `block in process_action'
activesupport (8.0.2) lib/active_support/callbacks.rb:120:in `block in run_callbacks'
turbo-rails (2.0.16) lib/turbo-rails.rb:24:in `with_request_id'
turbo-rails (2.0.16) app/controllers/concerns/turbo/request_id_tracking.rb:10:in `turbo_tracking_request_id'
activesupport (8.0.2) lib/active_support/callbacks.rb:129:in `block in run_callbacks'
actiontext (8.0.2) lib/action_text/rendering.rb:25:in `with_renderer'
actiontext (8.0.2) lib/action_text/engine.rb:71:in `block (4 levels) in <class:Engine>'
activesupport (8.0.2) lib/active_support/callbacks.rb:129:in `instance_exec'
activesupport (8.0.2) lib/active_support/callbacks.rb:129:in `block in run_callbacks'
activesupport (8.0.2) lib/active_support/callbacks.rb:140:in `run_callbacks'
actionpack (8.0.2) lib/abstract_controller/callbacks.rb:260:in `process_action'
actionpack (8.0.2) lib/action_controller/metal/rescue.rb:27:in `process_action'
actionpack (8.0.2) lib/action_controller/metal/instrumentation.rb:76:in `block in process_action'
activesupport (8.0.2) lib/active_support/notifications.rb:210:in `block in instrument'
activesupport (8.0.2) lib/active_support/notifications/instrumenter.rb:58:in `instrument'
activesupport (8.0.2) lib/active_support/notifications.rb:210:in `instrument'
actionpack (8.0.2) lib/action_controller/metal/instrumentation.rb:75:in `process_action'
actionpack (8.0.2) lib/action_controller/metal/params_wrapper.rb:259:in `process_action'
activerecord (8.0.2) lib/active_record/railties/controller_runtime.rb:39:in `process_action'
actionpack (8.0.2) lib/abstract_controller/base.rb:163:in `process'
actionview (8.0.2) lib/action_view/rendering.rb:40:in `process'
actionpack (8.0.2) lib/action_controller/metal.rb:252:in `dispatch'
actionpack (8.0.2) lib/action_controller/metal.rb:335:in `dispatch'
actionpack (8.0.2) lib/action_dispatch/routing/route_set.rb:67:in `dispatch'
actionpack (8.0.2) lib/action_dispatch/routing/route_set.rb:50:in `serve'
actionpack (8.0.2) lib/action_dispatch/journey/router.rb:53:in `block in serve'
actionpack (8.0.2) lib/action_dispatch/journey/router.rb:133:in `block in find_routes'
actionpack (8.0.2) lib/action_dispatch/journey/router.rb:126:in `each'
actionpack (8.0.2) lib/action_dispatch/journey/router.rb:126:in `find_routes'
actionpack (8.0.2) lib/action_dispatch/journey/router.rb:34:in `serve'
actionpack (8.0.2) lib/action_dispatch/routing/route_set.rb:908:in `call'
railties (8.0.2) lib/rails/engine/lazy_route_set.rb:68:in `call'
rack (3.1.16) lib/rack/tempfile_reaper.rb:20:in `call'
rack (3.1.16) lib/rack/etag.rb:29:in `call'
rack (3.1.16) lib/rack/conditional_get.rb:31:in `call'
rack (3.1.16) lib/rack/head.rb:15:in `call'
actionpack (8.0.2) lib/action_dispatch/http/permissions_policy.rb:38:in `call'
actionpack (8.0.2) lib/action_dispatch/http/content_security_policy.rb:38:in `call'
rack-session (2.1.1) lib/rack/session/abstract/id.rb:274:in `context'
rack-session (2.1.1) lib/rack/session/abstract/id.rb:268:in `call'
actionpack (8.0.2) lib/action_dispatch/middleware/cookies.rb:706:in `call'
activerecord (8.0.2) lib/active_record/migration.rb:671:in `call'
actionpack (8.0.2) lib/action_dispatch/middleware/callbacks.rb:31:in `block in call'
activesupport (8.0.2) lib/active_support/callbacks.rb:100:in `run_callbacks'
actionpack (8.0.2) lib/action_dispatch/middleware/callbacks.rb:30:in `call'
actionpack (8.0.2) lib/action_dispatch/middleware/executor.rb:16:in `call'
actionpack (8.0.2) lib/action_dispatch/middleware/actionable_exceptions.rb:18:in `call'
actionpack (8.0.2) lib/action_dispatch/middleware/debug_exceptions.rb:31:in `call'
web-console (4.2.1) lib/web_console/middleware.rb:132:in `call_app'
web-console (4.2.1) lib/web_console/middleware.rb:28:in `block in call'
web-console (4.2.1) lib/web_console/middleware.rb:17:in `catch'
web-console (4.2.1) lib/web_console/middleware.rb:17:in `call'
actionpack (8.0.2) lib/action_dispatch/middleware/show_exceptions.rb:32:in `call'
railties (8.0.2) lib/rails/rack/logger.rb:41:in `call_app'
railties (8.0.2) lib/rails/rack/logger.rb:29:in `call'
actionpack (8.0.2) lib/action_dispatch/middleware/remote_ip.rb:96:in `call'
actionpack (8.0.2) lib/action_dispatch/middleware/request_id.rb:34:in `call'
rack (3.1.16) lib/rack/method_override.rb:28:in `call'
rack (3.1.16) lib/rack/runtime.rb:24:in `call'
actionpack (8.0.2) lib/action_dispatch/middleware/server_timing.rb:61:in `block in call'
actionpack (8.0.2) lib/action_dispatch/middleware/server_timing.rb:26:in `collect_events'
actionpack (8.0.2) lib/action_dispatch/middleware/server_timing.rb:60:in `call'
actionpack (8.0.2) lib/action_dispatch/middleware/executor.rb:16:in `call'
actionpack (8.0.2) lib/action_dispatch/middleware/static.rb:27:in `call'
rack (3.1.16) lib/rack/sendfile.rb:114:in `call'
actionpack (8.0.2) lib/action_dispatch/middleware/host_authorization.rb:143:in `call'
railties (8.0.2) lib/rails/engine.rb:535:in `call'
puma (6.6.0) lib/puma/configuration.rb:279:in `call'
puma (6.6.0) lib/puma/request.rb:99:in `block in handle_request'
puma (6.6.0) lib/puma/thread_pool.rb:390:in `with_force_shutdown'
puma (6.6.0) lib/puma/request.rb:98:in `handle_request'
puma (6.6.0) lib/puma/server.rb:472:in `process_client'
puma (6.6.0) lib/puma/server.rb:254:in `block in run'
puma (6.6.0) lib/puma/thread_pool.rb:167:in `block in spawn_thread'
Started GET "/" for 127.0.0.1 at 2025-07-13 04:59:03 +0900
Processing by PagesController#home as HTML
Completed 406 Not Acceptable in 26ms (ActiveRecord: 0.0ms (0 queries, 0 cached) | GC: 0.0ms)


  
ActionController::MissingExactTemplate (PagesController#home is missing a template for request formats: text/html):
  
actionpack (8.0.2) lib/action_controller/metal/implicit_render.rb:49:in `default_render'
actionpack (8.0.2) lib/action_controller/metal/basic_implicit_render.rb:9:in `send_action'
actionpack (8.0.2) lib/abstract_controller/base.rb:226:in `process_action'
actionpack (8.0.2) lib/action_controller/metal/rendering.rb:193:in `process_action'
actionpack (8.0.2) lib/abstract_controller/callbacks.rb:261:in `block in process_action'
activesupport (8.0.2) lib/active_support/callbacks.rb:120:in `block in run_callbacks'
turbo-rails (2.0.16) lib/turbo-rails.rb:24:in `with_request_id'
turbo-rails (2.0.16) app/controllers/concerns/turbo/request_id_tracking.rb:10:in `turbo_tracking_request_id'
activesupport (8.0.2) lib/active_support/callbacks.rb:129:in `block in run_callbacks'
actiontext (8.0.2) lib/action_text/rendering.rb:25:in `with_renderer'
actiontext (8.0.2) lib/action_text/engine.rb:71:in `block (4 levels) in <class:Engine>'
activesupport (8.0.2) lib/active_support/callbacks.rb:129:in `instance_exec'
activesupport (8.0.2) lib/active_support/callbacks.rb:129:in `block in run_callbacks'
activesupport (8.0.2) lib/active_support/callbacks.rb:140:in `run_callbacks'
actionpack (8.0.2) lib/abstract_controller/callbacks.rb:260:in `process_action'
actionpack (8.0.2) lib/action_controller/metal/rescue.rb:27:in `process_action'
actionpack (8.0.2) lib/action_controller/metal/instrumentation.rb:76:in `block in process_action'
activesupport (8.0.2) lib/active_support/notifications.rb:210:in `block in instrument'
activesupport (8.0.2) lib/active_support/notifications/instrumenter.rb:58:in `instrument'
activesupport (8.0.2) lib/active_support/notifications.rb:210:in `instrument'
actionpack (8.0.2) lib/action_controller/metal/instrumentation.rb:75:in `process_action'
actionpack (8.0.2) lib/action_controller/metal/params_wrapper.rb:259:in `process_action'
activerecord (8.0.2) lib/active_record/railties/controller_runtime.rb:39:in `process_action'
actionpack (8.0.2) lib/abstract_controller/base.rb:163:in `process'
actionview (8.0.2) lib/action_view/rendering.rb:40:in `process'
actionpack (8.0.2) lib/action_controller/metal.rb:252:in `dispatch'
actionpack (8.0.2) lib/action_controller/metal.rb:335:in `dispatch'
actionpack (8.0.2) lib/action_dispatch/routing/route_set.rb:67:in `dispatch'
actionpack (8.0.2) lib/action_dispatch/routing/route_set.rb:50:in `serve'
actionpack (8.0.2) lib/action_dispatch/journey/router.rb:53:in `block in serve'
actionpack (8.0.2) lib/action_dispatch/journey/router.rb:133:in `block in find_routes'
actionpack (8.0.2) lib/action_dispatch/journey/router.rb:126:in `each'
actionpack (8.0.2) lib/action_dispatch/journey/router.rb:126:in `find_routes'
actionpack (8.0.2) lib/action_dispatch/journey/router.rb:34:in `serve'
actionpack (8.0.2) lib/action_dispatch/routing/route_set.rb:908:in `call'
railties (8.0.2) lib/rails/engine/lazy_route_set.rb:68:in `call'
rack (3.1.16) lib/rack/tempfile_reaper.rb:20:in `call'
rack (3.1.16) lib/rack/etag.rb:29:in `call'
rack (3.1.16) lib/rack/conditional_get.rb:31:in `call'
rack (3.1.16) lib/rack/head.rb:15:in `call'
actionpack (8.0.2) lib/action_dispatch/http/permissions_policy.rb:38:in `call'
actionpack (8.0.2) lib/action_dispatch/http/content_security_policy.rb:38:in `call'
rack-session (2.1.1) lib/rack/session/abstract/id.rb:274:in `context'
rack-session (2.1.1) lib/rack/session/abstract/id.rb:268:in `call'
actionpack (8.0.2) lib/action_dispatch/middleware/cookies.rb:706:in `call'
activerecord (8.0.2) lib/active_record/migration.rb:671:in `call'
actionpack (8.0.2) lib/action_dispatch/middleware/callbacks.rb:31:in `block in call'
activesupport (8.0.2) lib/active_support/callbacks.rb:100:in `run_callbacks'
actionpack (8.0.2) lib/action_dispatch/middleware/callbacks.rb:30:in `call'
actionpack (8.0.2) lib/action_dispatch/middleware/executor.rb:16:in `call'
actionpack (8.0.2) lib/action_dispatch/middleware/actionable_exceptions.rb:18:in `call'
actionpack (8.0.2) lib/action_dispatch/middleware/debug_exceptions.rb:31:in `call'
web-console (4.2.1) lib/web_console/middleware.rb:132:in `call_app'
web-console (4.2.1) lib/web_console/middleware.rb:28:in `block in call'
web-console (4.2.1) lib/web_console/middleware.rb:17:in `catch'
web-console (4.2.1) lib/web_console/middleware.rb:17:in `call'
actionpack (8.0.2) lib/action_dispatch/middleware/show_exceptions.rb:32:in `call'
railties (8.0.2) lib/rails/rack/logger.rb:41:in `call_app'
railties (8.0.2) lib/rails/rack/logger.rb:29:in `call'
actionpack (8.0.2) lib/action_dispatch/middleware/remote_ip.rb:96:in `call'
actionpack (8.0.2) lib/action_dispatch/middleware/request_id.rb:34:in `call'
rack (3.1.16) lib/rack/method_override.rb:28:in `call'
rack (3.1.16) lib/rack/runtime.rb:24:in `call'
actionpack (8.0.2) lib/action_dispatch/middleware/server_timing.rb:61:in `block in call'
actionpack (8.0.2) lib/action_dispatch/middleware/server_timing.rb:26:in `collect_events'
actionpack (8.0.2) lib/action_dispatch/middleware/server_timing.rb:60:in `call'
actionpack (8.0.2) lib/action_dispatch/middleware/executor.rb:16:in `call'
actionpack (8.0.2) lib/action_dispatch/middleware/static.rb:27:in `call'
rack (3.1.16) lib/rack/sendfile.rb:114:in `call'
actionpack (8.0.2) lib/action_dispatch/middleware/host_authorization.rb:143:in `call'
railties (8.0.2) lib/rails/engine.rb:535:in `call'
puma (6.6.0) lib/puma/configuration.rb:279:in `call'
puma (6.6.0) lib/puma/request.rb:99:in `block in handle_request'
puma (6.6.0) lib/puma/thread_pool.rb:390:in `with_force_shutdown'
puma (6.6.0) lib/puma/request.rb:98:in `handle_request'
puma (6.6.0) lib/puma/server.rb:472:in `process_client'
puma (6.6.0) lib/puma/server.rb:254:in `block in run'
puma (6.6.0) lib/puma/thread_pool.rb:167:in `block in spawn_thread'
Started GET "/" for 127.0.0.1 at 2025-07-13 05:00:44 +0900
Processing by PagesController#home as HTML
  Rendering layout layouts/application.html.erb
  Rendering pages/home.html.erb within layouts/application
  Rendered pages/home.html.erb within layouts/application (Duration: 0.4ms | GC: 0.0ms)
  Rendered layout layouts/application.html.erb (Duration: 3.6ms | GC: 0.0ms)
Completed 200 OK in 24ms (Views: 5.0ms | ActiveRecord: 0.0ms (0 queries, 0 cached) | GC: 0.0ms)


Started GET "/assets/application-bfcdf840.js" for 127.0.0.1 at 2025-07-13 05:00:44 +0900
Started GET "/assets/turbo.min-3a2e143f.js" for 127.0.0.1 at 2025-07-13 05:00:44 +0900
Started GET "/assets/stimulus.min-4b1e420e.js" for 127.0.0.1 at 2025-07-13 05:00:44 +0900
Started GET "/assets/controllers/index-ee64e1f1.js" for 127.0.0.1 at 2025-07-13 05:00:44 +0900
Started GET "/assets/controllers/hello_controller-708796bd.js" for 127.0.0.1 at 2025-07-13 05:00:44 +0900
Started GET "/assets/controllers/modal_controller-945531d3.js" for 127.0.0.1 at 2025-07-13 05:00:44 +0900
Started GET "/assets/stimulus-loading-1fc53fe7.js" for 127.0.0.1 at 2025-07-13 05:00:44 +0900
Started GET "/assets/controllers/consultation_controller-b4a31fba.js" for 127.0.0.1 at 2025-07-13 05:00:44 +0900
Started GET "/assets/controllers/application-3affb389.js" for 127.0.0.1 at 2025-07-13 05:00:44 +0900
Started GET "/" for 127.0.0.1 at 2025-07-13 05:01:02 +0900
Processing by PagesController#home as HTML
  Rendering layout layouts/application.html.erb
  Rendering pages/home.html.erb within layouts/application
  Rendered pages/home.html.erb within layouts/application (Duration: 0.2ms | GC: 0.0ms)
  Rendered layout layouts/application.html.erb (Duration: 2.6ms | GC: 0.1ms)
Completed 200 OK in 22ms (Views: 3.4ms | ActiveRecord: 0.0ms (0 queries, 0 cached) | GC: 0.1ms)


Started GET "/assets/application-bfcdf840.js" for 127.0.0.1 at 2025-07-13 05:01:02 +0900
Started GET "/assets/stimulus.min-4b1e420e.js" for 127.0.0.1 at 2025-07-13 05:01:02 +0900
Started GET "/assets/turbo.min-3a2e143f.js" for 127.0.0.1 at 2025-07-13 05:01:02 +0900
Started GET "/assets/controllers/hello_controller-708796bd.js" for 127.0.0.1 at 2025-07-13 05:01:02 +0900
Started GET "/assets/controllers/index-ee64e1f1.js" for 127.0.0.1 at 2025-07-13 05:01:02 +0900
Started GET "/assets/controllers/modal_controller-945531d3.js" for 127.0.0.1 at 2025-07-13 05:01:02 +0900
Started GET "/assets/controllers/consultation_controller-b4a31fba.js" for 127.0.0.1 at 2025-07-13 05:01:02 +0900
Started GET "/assets/controllers/application-3affb389.js" for 127.0.0.1 at 2025-07-13 05:01:02 +0900
Started GET "/assets/stimulus-loading-1fc53fe7.js" for 127.0.0.1 at 2025-07-13 05:01:02 +0900
Started GET "/" for 127.0.0.1 at 2025-07-13 05:01:02 +0900
Processing by PagesController#home as HTML
  Rendering layout layouts/application.html.erb
  Rendering pages/home.html.erb within layouts/application
  Rendered pages/home.html.erb within layouts/application (Duration: 0.3ms | GC: 0.0ms)
  Rendered layout layouts/application.html.erb (Duration: 2.1ms | GC: 0.0ms)
Completed 200 OK in 36ms (Views: 3.2ms | ActiveRecord: 0.0ms (0 queries, 0 cached) | GC: 0.0ms)


Started GET "/assets/application-bfcdf840.js" for 127.0.0.1 at 2025-07-13 05:01:02 +0900
Started GET "/assets/stimulus.min-4b1e420e.js" for 127.0.0.1 at 2025-07-13 05:01:02 +0900
Started GET "/assets/turbo.min-3a2e143f.js" for 127.0.0.1 at 2025-07-13 05:01:02 +0900
Started GET "/assets/controllers/hello_controller-708796bd.js" for 127.0.0.1 at 2025-07-13 05:01:02 +0900
Started GET "/assets/controllers/index-ee64e1f1.js" for 127.0.0.1 at 2025-07-13 05:01:02 +0900
Started GET "/assets/controllers/modal_controller-945531d3.js" for 127.0.0.1 at 2025-07-13 05:01:02 +0900
Started GET "/assets/controllers/consultation_controller-b4a31fba.js" for 127.0.0.1 at 2025-07-13 05:01:03 +0900
Started GET "/assets/controllers/application-3affb389.js" for 127.0.0.1 at 2025-07-13 05:01:03 +0900
Started GET "/assets/stimulus-loading-1fc53fe7.js" for 127.0.0.1 at 2025-07-13 05:01:03 +0900
Started GET "/" for 127.0.0.1 at 2025-07-13 05:01:03 +0900
Processing by PagesController#home as HTML
  Rendering layout layouts/application.html.erb
  Rendering pages/home.html.erb within layouts/application
  Rendered pages/home.html.erb within layouts/application (Duration: 0.4ms | GC: 0.0ms)
  Rendered layout layouts/application.html.erb (Duration: 1.2ms | GC: 0.0ms)
Completed 200 OK in 35ms (Views: 1.5ms | ActiveRecord: 0.0ms (0 queries, 0 cached) | GC: 0.0ms)


Started GET "/" for 127.0.0.1 at 2025-07-13 05:01:04 +0900
Processing by PagesController#home as HTML
  Rendering layout layouts/application.html.erb
  Rendering pages/home.html.erb within layouts/application
  Rendered pages/home.html.erb within layouts/application (Duration: 0.0ms | GC: 0.0ms)
  Rendered layout layouts/application.html.erb (Duration: 3.5ms | GC: 0.0ms)
Completed 200 OK in 36ms (Views: 3.8ms | ActiveRecord: 0.0ms (0 queries, 0 cached) | GC: 0.0ms)


Started GET "/" for 127.0.0.1 at 2025-07-13 05:01:04 +0900
Processing by PagesController#home as HTML
  Rendering layout layouts/application.html.erb
  Rendering pages/home.html.erb within layouts/application
  Rendered pages/home.html.erb within layouts/application (Duration: 0.0ms | GC: 0.0ms)
  Rendered layout layouts/application.html.erb (Duration: 4.0ms | GC: 0.0ms)
Completed 200 OK in 32ms (Views: 5.0ms | ActiveRecord: 0.0ms (0 queries, 0 cached) | GC: 0.0ms)


Started GET "/" for 127.0.0.1 at 2025-07-13 05:03:37 +0900
Processing by PagesController#home as HTML
  Rendering layout layouts/application.html.erb
  Rendering pages/home.html.erb within layouts/application
  Rendered pages/home.html.erb within layouts/application (Duration: 0.1ms | GC: 0.0ms)
  Rendered layout layouts/application.html.erb (Duration: 3.0ms | GC: 0.1ms)
Completed 200 OK in 22ms (Views: 4.9ms | ActiveRecord: 0.0ms (0 queries, 0 cached) | GC: 0.1ms)


Started GET "/" for 127.0.0.1 at 2025-07-13 05:04:32 +0900
Processing by PagesController#home as HTML
  Rendering layout layouts/application.html.erb
  Rendering pages/home.html.erb within layouts/application
  Rendered pages/home.html.erb within layouts/application (Duration: 0.1ms | GC: 0.0ms)
  Rendered layout layouts/application.html.erb (Duration: 1.6ms | GC: 0.0ms)
Completed 200 OK in 22ms (Views: 3.0ms | ActiveRecord: 0.0ms (0 queries, 0 cached) | GC: 0.0ms)


Started GET "/assets/application-bfcdf840.js" for 127.0.0.1 at 2025-07-13 05:04:32 +0900
Started GET "/assets/controllers/application-3affb389.js" for 127.0.0.1 at 2025-07-13 05:04:32 +0900
Started GET "/assets/controllers/consultation_controller-b4a31fba.js" for 127.0.0.1 at 2025-07-13 05:04:32 +0900
Started GET "/assets/controllers/hello_controller-708796bd.js" for 127.0.0.1 at 2025-07-13 05:04:32 +0900
Started GET "/assets/controllers/index-ee64e1f1.js" for 127.0.0.1 at 2025-07-13 05:04:32 +0900
Started GET "/assets/controllers/modal_controller-945531d3.js" for 127.0.0.1 at 2025-07-13 05:04:32 +0900
Started GET "/assets/turbo.min-3a2e143f.js" for 127.0.0.1 at 2025-07-13 05:04:32 +0900
Started GET "/assets/stimulus-loading-1fc53fe7.js" for 127.0.0.1 at 2025-07-13 05:04:32 +0900
Started GET "/assets/stimulus.min-4b1e420e.js" for 127.0.0.1 at 2025-07-13 05:04:32 +0900
Started GET "/" for 127.0.0.1 at 2025-07-13 13:16:59 +0900
Processing by PagesController#home as HTML
  Rendering layout layouts/application.html.erb
  Rendering pages/home.html.erb within layouts/application
  Rendered pages/home.html.erb within layouts/application (Duration: 0.6ms | GC: 0.0ms)
  Rendered layout layouts/application.html.erb (Duration: 7.3ms | GC: 0.1ms)
Completed 200 OK in 52ms (Views: 10.4ms | ActiveRecord: 0.0ms (0 queries, 0 cached) | GC: 0.3ms)


Started GET "/assets/tailwind-8371878e.css" for 127.0.0.1 at 2025-07-13 13:16:59 +0900
Started GET "/assets/turbo.min-3a2e143f.js" for 127.0.0.1 at 2025-07-13 13:16:59 +0900
Started GET "/assets/stimulus.min-4b1e420e.js" for 127.0.0.1 at 2025-07-13 13:16:59 +0900
Started GET "/assets/controllers/consultation_controller-b4a31fba.js" for 127.0.0.1 at 2025-07-13 13:16:59 +0900
Started GET "/assets/controllers/modal_controller-945531d3.js" for 127.0.0.1 at 2025-07-13 13:16:59 +0900
Started GET "/assets/controllers/hello_controller-708796bd.js" for 127.0.0.1 at 2025-07-13 13:16:59 +0900
Started GET "/assets/controllers/index-ee64e1f1.js" for 127.0.0.1 at 2025-07-13 13:16:59 +0900
Started GET "/assets/application-bfcdf840.js" for 127.0.0.1 at 2025-07-13 13:16:59 +0900
Started GET "/assets/stimulus-loading-1fc53fe7.js" for 127.0.0.1 at 2025-07-13 13:16:59 +0900
Started GET "/assets/controllers/application-3affb389.js" for 127.0.0.1 at 2025-07-13 13:16:59 +0900
Started GET "/" for 127.0.0.1 at 2025-07-13 13:17:32 +0900
Processing by PagesController#home as HTML
  Rendering layout layouts/application.html.erb
  Rendering pages/home.html.erb within layouts/application
  Rendered pages/home.html.erb within layouts/application (Duration: 0.0ms | GC: 0.0ms)
  Rendered layout layouts/application.html.erb (Duration: 1.0ms | GC: 0.0ms)
Completed 200 OK in 33ms (Views: 1.6ms | ActiveRecord: 0.0ms (0 queries, 0 cached) | GC: 0.0ms)


Started GET "/assets/application-bfcdf840.js" for 127.0.0.1 at 2025-07-13 13:17:32 +0900
Started GET "/assets/turbo.min-3a2e143f.js" for 127.0.0.1 at 2025-07-13 13:17:32 +0900
Started GET "/assets/stimulus.min-4b1e420e.js" for 127.0.0.1 at 2025-07-13 13:17:32 +0900
Started GET "/assets/controllers/hello_controller-708796bd.js" for 127.0.0.1 at 2025-07-13 13:17:32 +0900
Started GET "/assets/controllers/index-ee64e1f1.js" for 127.0.0.1 at 2025-07-13 13:17:32 +0900
Started GET "/assets/controllers/modal_controller-945531d3.js" for 127.0.0.1 at 2025-07-13 13:17:32 +0900
Started GET "/assets/stimulus-loading-1fc53fe7.js" for 127.0.0.1 at 2025-07-13 13:17:33 +0900
Started GET "/assets/controllers/application-3affb389.js" for 127.0.0.1 at 2025-07-13 13:17:33 +0900
Started GET "/assets/controllers/consultation_controller-b4a31fba.js" for 127.0.0.1 at 2025-07-13 13:17:33 +0900
Started GET "/" for 127.0.0.1 at 2025-07-13 13:18:46 +0900
Processing by PagesController#home as HTML
  Rendering layout layouts/application.html.erb
  Rendering pages/home.html.erb within layouts/application
  Rendered pages/home.html.erb within layouts/application (Duration: 0.5ms | GC: 0.0ms)
  Rendered layout layouts/application.html.erb (Duration: 3.6ms | GC: 0.1ms)
Completed 200 OK in 37ms (Views: 7.7ms | ActiveRecord: 0.0ms (0 queries, 0 cached) | GC: 0.1ms)


Started GET "/" for 127.0.0.1 at 2025-07-13 13:18:48 +0900
Processing by PagesController#home as HTML
  Rendering layout layouts/application.html.erb
  Rendering pages/home.html.erb within layouts/application
  Rendered pages/home.html.erb within layouts/application (Duration: 0.1ms | GC: 0.0ms)
  Rendered layout layouts/application.html.erb (Duration: 1.6ms | GC: 0.2ms)
Completed 200 OK in 36ms (Views: 2.2ms | ActiveRecord: 0.0ms (0 queries, 0 cached) | GC: 0.2ms)


Started GET "/assets/application-bfcdf840.js" for 127.0.0.1 at 2025-07-13 13:18:48 +0900
Started GET "/assets/stimulus.min-4b1e420e.js" for 127.0.0.1 at 2025-07-13 13:18:48 +0900
Started GET "/assets/stimulus-loading-1fc53fe7.js" for 127.0.0.1 at 2025-07-13 13:18:48 +0900
Started GET "/assets/controllers/hello_controller-708796bd.js" for 127.0.0.1 at 2025-07-13 13:18:48 +0900
Started GET "/assets/controllers/index-ee64e1f1.js" for 127.0.0.1 at 2025-07-13 13:18:48 +0900
Started GET "/assets/controllers/modal_controller-945531d3.js" for 127.0.0.1 at 2025-07-13 13:18:48 +0900
Started GET "/assets/turbo.min-3a2e143f.js" for 127.0.0.1 at 2025-07-13 13:18:48 +0900
Started GET "/assets/controllers/application-3affb389.js" for 127.0.0.1 at 2025-07-13 13:18:48 +0900
Started GET "/assets/controllers/consultation_controller-b4a31fba.js" for 127.0.0.1 at 2025-07-13 13:18:48 +0900
Started GET "/" for 127.0.0.1 at 2025-07-13 13:18:54 +0900
Processing by PagesController#home as HTML
  Rendering layout layouts/application.html.erb
  Rendering pages/home.html.erb within layouts/application
  Rendered pages/home.html.erb within layouts/application (Duration: 0.5ms | GC: 0.0ms)
  Rendered layout layouts/application.html.erb (Duration: 2.9ms | GC: 0.0ms)
Completed 200 OK in 37ms (Views: 7.1ms | ActiveRecord: 0.0ms (0 queries, 0 cached) | GC: 0.0ms)


Started GET "/" for 127.0.0.1 at 2025-07-13 13:19:15 +0900
Processing by PagesController#home as HTML
  Rendering layout layouts/application.html.erb
  Rendering pages/home.html.erb within layouts/application
  Rendered pages/home.html.erb within layouts/application (Duration: 0.5ms | GC: 0.0ms)
  Rendered layout layouts/application.html.erb (Duration: 3.1ms | GC: 0.3ms)
Completed 200 OK in 37ms (Views: 6.5ms | ActiveRecord: 0.0ms (0 queries, 0 cached) | GC: 0.9ms)


Started GET "/" for 127.0.0.1 at 2025-07-13 13:19:16 +0900
Processing by PagesController#home as HTML
  Rendering layout layouts/application.html.erb
  Rendering pages/home.html.erb within layouts/application
  Rendered pages/home.html.erb within layouts/application (Duration: 0.0ms | GC: 0.0ms)
  Rendered layout layouts/application.html.erb (Duration: 0.8ms | GC: 0.0ms)
Completed 200 OK in 38ms (Views: 1.3ms | ActiveRecord: 0.0ms (0 queries, 0 cached) | GC: 0.0ms)


Started GET "/" for 127.0.0.1 at 2025-07-13 13:19:27 +0900
Processing by PagesController#home as HTML
  Rendering layout layouts/application.html.erb
  Rendering pages/home.html.erb within layouts/application
  Rendered pages/home.html.erb within layouts/application (Duration: 0.8ms | GC: 0.3ms)
  Rendered layout layouts/application.html.erb (Duration: 3.2ms | GC: 0.5ms)
Completed 200 OK in 37ms (Views: 6.1ms | ActiveRecord: 0.0ms (0 queries, 0 cached) | GC: 0.5ms)


Started GET "/" for 127.0.0.1 at 2025-07-13 13:19:41 +0900
Processing by PagesController#home as HTML
  Rendering layout layouts/application.html.erb
  Rendering pages/home.html.erb within layouts/application
  Rendered pages/home.html.erb within layouts/application (Duration: 0.1ms | GC: 0.0ms)
  Rendered layout layouts/application.html.erb (Duration: 1.5ms | GC: 0.2ms)
Completed 200 OK in 35ms (Views: 1.9ms | ActiveRecord: 0.0ms (0 queries, 0 cached) | GC: 0.2ms)


Started GET "/" for 127.0.0.1 at 2025-07-13 13:19:42 +0900
Processing by PagesController#home as HTML
  Rendering layout layouts/application.html.erb
  Rendering pages/home.html.erb within layouts/application
  Rendered pages/home.html.erb within layouts/application (Duration: 0.1ms | GC: 0.0ms)
  Rendered layout layouts/application.html.erb (Duration: 0.9ms | GC: 0.0ms)
Completed 200 OK in 34ms (Views: 1.1ms | ActiveRecord: 0.0ms (0 queries, 0 cached) | GC: 0.0ms)


Writing tailwind-8371878e.css
Writing application-8b441ae0.css
Writing application-bfcdf840.js
Writing controllers/hello_controller-708796bd.js
Writing controllers/modal_controller-945531d3.js
Writing controllers/index-ee64e1f1.js
Writing controllers/application-3affb389.js
Writing controllers/consultation_controller-b4a31fba.js
Writing stimulus.min-4b1e420e.js
Writing stimulus-d59b3b7f.js
Writing stimulus.min-2395e199.js.map
Writing stimulus-importmap-autoloader-64cc03e1.js
Writing stimulus-autoloader-9d447422.js
Writing stimulus-loading-1fc53fe7.js
Writing turbo.min-5f3b7fda.js.map
Writing turbo-a1e3a50a.js
Writing turbo.min-3a2e143f.js
Writing actiontext.esm-f1c04d34.js
Writing actiontext-a4ee937e.js
Writing trix-4b540cb5.js
Writing trix-65afdb1d.css
Writing action_cable-5212cfee.js
Writing actioncable.esm-e0ec9819.js
Writing actioncable-ac25813f.js
Writing activestorage.esm-f2909226.js
Writing activestorage-32201f68.js
Writing rails-ujs.esm-e925103b.js
Writing rails-ujs-20eaf715.js
Started GET "/" for 127.0.0.1 at 2025-07-13 13:21:10 +0900
  [1m[36mActiveRecord::SchemaMigration Load (0.5ms)[0m  [1m[34mSELECT "schema_migrations"."version" FROM "schema_migrations" ORDER BY "schema_migrations"."version" ASC /*application='AiBeautyCounselor'*/[0m
Processing by PagesController#home as HTML
  Rendering layout layouts/application.html.erb
  Rendering pages/home.html.erb within layouts/application
  Rendered pages/home.html.erb within layouts/application (Duration: 0.8ms | GC: 0.0ms)
  Rendered layout layouts/application.html.erb (Duration: 17.6ms | GC: 0.0ms)
Completed 200 OK in 92ms (Views: 22.7ms | ActiveRecord: 0.0ms (0 queries, 0 cached) | GC: 0.0ms)


Started GET "/assets/tailwind-be3cf60d.css" for 127.0.0.1 at 2025-07-13 13:21:10 +0900
Started GET "/" for 127.0.0.1 at 2025-07-13 13:21:18 +0900
Processing by PagesController#home as HTML
  Rendering layout layouts/application.html.erb
  Rendering pages/home.html.erb within layouts/application
  Rendered pages/home.html.erb within layouts/application (Duration: 0.2ms | GC: 0.0ms)
  Rendered layout layouts/application.html.erb (Duration: 2.8ms | GC: 0.0ms)
Completed 200 OK in 35ms (Views: 4.5ms | ActiveRecord: 0.0ms (0 queries, 0 cached) | GC: 0.0ms)


Started GET "/assets/application-bfcdf840.js" for 127.0.0.1 at 2025-07-13 13:21:18 +0900
Started GET "/assets/stimulus-loading-1fc53fe7.js" for 127.0.0.1 at 2025-07-13 13:21:18 +0900
Started GET "/assets/controllers/application-3affb389.js" for 127.0.0.1 at 2025-07-13 13:21:18 +0900
Started GET "/assets/controllers/hello_controller-708796bd.js" for 127.0.0.1 at 2025-07-13 13:21:18 +0900
Started GET "/assets/controllers/index-ee64e1f1.js" for 127.0.0.1 at 2025-07-13 13:21:18 +0900
Started GET "/assets/controllers/modal_controller-945531d3.js" for 127.0.0.1 at 2025-07-13 13:21:18 +0900
Started GET "/assets/turbo.min-3a2e143f.js" for 127.0.0.1 at 2025-07-13 13:21:18 +0900
Started GET "/assets/stimulus.min-4b1e420e.js" for 127.0.0.1 at 2025-07-13 13:21:18 +0900
Started GET "/assets/controllers/consultation_controller-b4a31fba.js" for 127.0.0.1 at 2025-07-13 13:21:18 +0900
Started GET "/.well-known/appspecific/com.chrome.devtools.json" for 127.0.0.1 at 2025-07-13 13:21:22 +0900
  
ActionController::RoutingError (No route matches [GET] "/.well-known/appspecific/com.chrome.devtools.json"):
  
Started GET "/assets/stimulus.min-2395e199.js.map" for 127.0.0.1 at 2025-07-13 13:21:22 +0900
Started GET "/assets/turbo.min-5f3b7fda.js.map" for 127.0.0.1 at 2025-07-13 13:21:22 +0900
Started GET "/" for 127.0.0.1 at 2025-07-13 13:21:35 +0900
Processing by PagesController#home as HTML
  Rendering layout layouts/application.html.erb
  Rendering pages/home.html.erb within layouts/application
  Rendered pages/home.html.erb within layouts/application (Duration: 0.7ms | GC: 0.0ms)
  Rendered layout layouts/application.html.erb (Duration: 2.9ms | GC: 0.4ms)
Completed 200 OK in 38ms (Views: 4.7ms | ActiveRecord: 0.0ms (0 queries, 0 cached) | GC: 0.4ms)


Started GET "/assets/application-8b441ae0.css" for 127.0.0.1 at 2025-07-13 13:21:35 +0900
Started GET "/.well-known/appspecific/com.chrome.devtools.json" for 127.0.0.1 at 2025-07-13 13:21:35 +0900
Started GET "/assets/stimulus.min-4b1e420e.js" for 127.0.0.1 at 2025-07-13 13:21:35 +0900
  
ActionController::RoutingError (No route matches [GET] "/.well-known/appspecific/com.chrome.devtools.json"):
  
Started GET "/assets/stimulus-loading-1fc53fe7.js" for 127.0.0.1 at 2025-07-13 13:21:35 +0900
Started GET "/assets/controllers/application-3affb389.js" for 127.0.0.1 at 2025-07-13 13:21:35 +0900
Started GET "/assets/controllers/consultation_controller-b4a31fba.js" for 127.0.0.1 at 2025-07-13 13:21:35 +0900
Started GET "/assets/controllers/hello_controller-708796bd.js" for 127.0.0.1 at 2025-07-13 13:21:35 +0900
Started GET "/assets/turbo.min-3a2e143f.js" for 127.0.0.1 at 2025-07-13 13:21:35 +0900
Started GET "/assets/controllers/modal_controller-945531d3.js" for 127.0.0.1 at 2025-07-13 13:21:35 +0900
Started GET "/assets/application-bfcdf840.js" for 127.0.0.1 at 2025-07-13 13:21:35 +0900
Started GET "/assets/tailwind-be3cf60d.css" for 127.0.0.1 at 2025-07-13 13:21:36 +0900
Started GET "/assets/controllers/index-ee64e1f1.js" for 127.0.0.1 at 2025-07-13 13:21:36 +0900
Started GET "/assets/turbo.min-5f3b7fda.js.map" for 127.0.0.1 at 2025-07-13 13:21:36 +0900
Started GET "/assets/stimulus.min-2395e199.js.map" for 127.0.0.1 at 2025-07-13 13:21:36 +0900
Started GET "/" for 127.0.0.1 at 2025-07-13 13:28:34 +0900
Processing by PagesController#home as HTML
  Rendering layout layouts/application.html.erb
  Rendering pages/home.html.erb within layouts/application
  Rendered pages/home.html.erb within layouts/application (Duration: 0.2ms | GC: 0.0ms)
  Rendered layout layouts/application.html.erb (Duration: 5.4ms | GC: 0.0ms)
Completed 200 OK in 46ms (Views: 6.6ms | ActiveRecord: 0.0ms (0 queries, 0 cached) | GC: 3.7ms)


Started GET "/.well-known/appspecific/com.chrome.devtools.json" for 127.0.0.1 at 2025-07-13 13:28:34 +0900
Started GET "/assets/application-a734f247.css" for 127.0.0.1 at 2025-07-13 13:28:34 +0900
Started GET "/assets/tailwind-21a37af3.css" for 127.0.0.1 at 2025-07-13 13:28:34 +0900
  
ActionController::RoutingError (No route matches [GET] "/.well-known/appspecific/com.chrome.devtools.json"):
  
Started GET "/" for 127.0.0.1 at 2025-07-13 13:32:28 +0900
Processing by PagesController#home as HTML
  Rendering layout layouts/application.html.erb
  Rendering pages/home.html.erb within layouts/application
  Rendered pages/home.html.erb within layouts/application (Duration: 0.0ms | GC: 0.0ms)
  Rendered layout layouts/application.html.erb (Duration: 2.4ms | GC: 0.0ms)
Completed 200 OK in 33ms (Views: 2.8ms | ActiveRecord: 0.0ms (0 queries, 0 cached) | GC: 0.0ms)


Started GET "/.well-known/appspecific/com.chrome.devtools.json" for 127.0.0.1 at 2025-07-13 13:32:28 +0900
Started GET "/assets/stimulus.min-4b1e420e.js" for 127.0.0.1 at 2025-07-13 13:32:28 +0900
Started GET "/assets/stimulus-loading-1fc53fe7.js" for 127.0.0.1 at 2025-07-13 13:32:28 +0900
  
ActionController::RoutingError (No route matches [GET] "/.well-known/appspecific/com.chrome.devtools.json"):
  
Started GET "/assets/controllers/consultation_controller-b4a31fba.js" for 127.0.0.1 at 2025-07-13 13:32:28 +0900
Started GET "/assets/controllers/hello_controller-708796bd.js" for 127.0.0.1 at 2025-07-13 13:32:28 +0900
Started GET "/assets/controllers/index-ee64e1f1.js" for 127.0.0.1 at 2025-07-13 13:32:28 +0900
Started GET "/assets/controllers/modal_controller-945531d3.js" for 127.0.0.1 at 2025-07-13 13:32:28 +0900
Started GET "/assets/turbo.min-3a2e143f.js" for 127.0.0.1 at 2025-07-13 13:32:28 +0900
Started GET "/assets/application-bfcdf840.js" for 127.0.0.1 at 2025-07-13 13:32:29 +0900
Started GET "/assets/controllers/application-3affb389.js" for 127.0.0.1 at 2025-07-13 13:32:29 +0900
Started GET "/" for 127.0.0.1 at 2025-07-13 13:51:22 +0900
  [1m[36mActiveRecord::SchemaMigration Load (0.7ms)[0m  [1m[34mSELECT "schema_migrations"."version" FROM "schema_migrations" ORDER BY "schema_migrations"."version" ASC /*application='AiBeautyCounselor'*/[0m
Processing by PagesController#home as HTML
  Rendering layout layouts/application.html.erb
  Rendering pages/home.html.erb within layouts/application
  Rendered pages/home.html.erb within layouts/application (Duration: 2.4ms | GC: 0.0ms)
  Rendered layout layouts/application.html.erb (Duration: 3.3ms | GC: 0.0ms)
Completed 500 Internal Server Error in 81ms (ActiveRecord: 0.0ms (0 queries, 0 cached) | GC: 0.0ms)


  
ActionView::Template::Error (undefined local variable or method `current_user' for an instance of #<Class:0x00000001548bc950>)
Caused by: NameError (undefined local variable or method `current_user' for an instance of #<Class:0x00000001548bc950>)

Information for: ActionView::Template::Error (undefined local variable or method `current_user' for an instance of #<Class:0x00000001548bc950>):
     5:       <h2 class="text-2xl font-bold bg-gradient-to-r from-blue-600 to-purple-600 bg-clip-text text-transparent">Mini Ruby App</h2>
     6:     </div>
     7:     <div class="flex items-center space-x-4">
     8:       <% if current_user %>
     9:         <span class="text-gray-600 text-sm sm:text-base">안녕하세요, <span class="font-semibold text-blue-600"><%= current_user.full_name %></span>님!</span>
    10:         <%= link_to "프로필", profile_path, class: "text-blue-600 hover:text-blue-800 font-medium transition-colors" %>
    11:         <%= link_to "로그아웃", logout_path, method: :delete, class: "text-red-600 hover:text-red-800 font-medium transition-colors" %>
  
app/views/pages/home.html.erb:8

Information for cause: NameError (undefined local variable or method `current_user' for an instance of #<Class:0x00000001548bc950>):
  
app/views/pages/home.html.erb:8
Started GET "/favicon.ico" for 127.0.0.1 at 2025-07-13 13:51:23 +0900
  
ActionController::RoutingError (No route matches [GET] "/favicon.ico"):
  
Started GET "/" for 127.0.0.1 at 2025-07-13 13:52:09 +0900
Processing by PagesController#home as HTML
  Rendering layout layouts/application.html.erb
  Rendering pages/home.html.erb within layouts/application
  Rendered pages/home.html.erb within layouts/application (Duration: 3.0ms | GC: 0.0ms)
  Rendered layout layouts/application.html.erb (Duration: 3.5ms | GC: 0.0ms)
Completed 500 Internal Server Error in 34ms (ActiveRecord: 0.0ms (0 queries, 0 cached) | GC: 0.0ms)


  
ActionView::Template::Error (undefined local variable or method `login_path' for an instance of #<Class:0x00000001548353d8>)
Caused by: NameError (undefined local variable or method `login_path' for an instance of #<Class:0x00000001548353d8>)

Information for: ActionView::Template::Error (undefined local variable or method `login_path' for an instance of #<Class:0x00000001548353d8>):
    10:         <%= link_to "프로필", profile_path, class: "text-blue-600 hover:text-blue-800 font-medium transition-colors" %>
    11:         <%= link_to "로그아웃", logout_path, method: :delete, class: "text-red-600 hover:text-red-800 font-medium transition-colors" %>
    12:       <% else %>
    13:         <%= link_to "로그인", login_path, class: "text-blue-600 hover:text-blue-800 font-medium transition-colors" %>
    14:         <%= link_to "회원가입", signup_path, class: "bg-gradient-to-r from-green-500 to-emerald-600 hover:from-green-600 hover:to-emerald-700 text-white px-4 py-2 rounded-lg font-medium transition-all transform hover:scale-105" %>
    15:       <% end %>
    16:     </div>
  
app/views/pages/home.html.erb:13

Information for cause: NameError (undefined local variable or method `login_path' for an instance of #<Class:0x00000001548353d8>):
  
app/views/pages/home.html.erb:13
Started GET "/" for 127.0.0.1 at 2025-07-13 13:52:19 +0900
Processing by PagesController#home as HTML
  Rendering layout layouts/application.html.erb
  Rendering pages/home.html.erb within layouts/application
  Rendered pages/home.html.erb within layouts/application (Duration: 3.1ms | GC: 0.0ms)
  Rendered layout layouts/application.html.erb (Duration: 12.9ms | GC: 0.0ms)
Completed 200 OK in 52ms (Views: 14.6ms | ActiveRecord: 0.0ms (0 queries, 0 cached) | GC: 1.9ms)


Started GET "/assets/tailwind-a3200c40.css" for 127.0.0.1 at 2025-07-13 13:52:19 +0900
Started GET "/assets/application-bfcdf840.js" for 127.0.0.1 at 2025-07-13 13:52:19 +0900
Started GET "/assets/turbo.min-3a2e143f.js" for 127.0.0.1 at 2025-07-13 13:52:19 +0900
Started GET "/assets/controllers/consultation_controller-b4a31fba.js" for 127.0.0.1 at 2025-07-13 13:52:19 +0900
Started GET "/assets/controllers/hello_controller-708796bd.js" for 127.0.0.1 at 2025-07-13 13:52:19 +0900
Started GET "/assets/controllers/index-ee64e1f1.js" for 127.0.0.1 at 2025-07-13 13:52:19 +0900
Started GET "/assets/controllers/modal_controller-945531d3.js" for 127.0.0.1 at 2025-07-13 13:52:19 +0900
Started GET "/assets/stimulus.min-4b1e420e.js" for 127.0.0.1 at 2025-07-13 13:52:19 +0900
Started GET "/assets/stimulus-loading-1fc53fe7.js" for 127.0.0.1 at 2025-07-13 13:52:19 +0900
Started GET "/assets/controllers/application-3affb389.js" for 127.0.0.1 at 2025-07-13 13:52:19 +0900
Started GET "/" for 127.0.0.1 at 2025-07-13 13:54:15 +0900
Processing by PagesController#home as HTML
  Rendering layout layouts/application.html.erb
  Rendering pages/home.html.erb within layouts/application
  Rendered pages/home.html.erb within layouts/application (Duration: 3.9ms | GC: 0.0ms)
  Rendered layout layouts/application.html.erb (Duration: 19.6ms | GC: 0.0ms)
Completed 200 OK in 55ms (Views: 21.2ms | ActiveRecord: 0.0ms (0 queries, 0 cached) | GC: 0.1ms)


Started GET "/assets/tailwind-1e9d687f.css" for 127.0.0.1 at 2025-07-13 13:54:15 +0900
Started GET "/assets/application-bfcdf840.js" for 127.0.0.1 at 2025-07-13 13:54:15 +0900
Started GET "/assets/stimulus-loading-1fc53fe7.js" for 127.0.0.1 at 2025-07-13 13:54:15 +0900
Started GET "/assets/controllers/consultation_controller-b4a31fba.js" for 127.0.0.1 at 2025-07-13 13:54:15 +0900
Started GET "/assets/controllers/counter_controller-8e5d7e87.js" for 127.0.0.1 at 2025-07-13 13:54:15 +0900
Started GET "/assets/controllers/hello_controller-708796bd.js" for 127.0.0.1 at 2025-07-13 13:54:15 +0900
Started GET "/assets/controllers/index-ee64e1f1.js" for 127.0.0.1 at 2025-07-13 13:54:15 +0900
Started GET "/assets/controllers/modal_controller-945531d3.js" for 127.0.0.1 at 2025-07-13 13:54:15 +0900
Started GET "/assets/controllers/stats_controller-37199aaa.js" for 127.0.0.1 at 2025-07-13 13:54:15 +0900
Started GET "/assets/controllers/todo_controller-0e526eaf.js" for 127.0.0.1 at 2025-07-13 13:54:15 +0900
Started GET "/assets/controllers/application-3affb389.js" for 127.0.0.1 at 2025-07-13 13:54:15 +0900
Started GET "/assets/turbo.min-3a2e143f.js" for 127.0.0.1 at 2025-07-13 13:54:15 +0900
Started GET "/assets/stimulus.min-4b1e420e.js" for 127.0.0.1 at 2025-07-13 13:54:15 +0900
Started GET "/" for 127.0.0.1 at 2025-07-13 13:54:16 +0900
Processing by PagesController#home as HTML
  Rendering layout layouts/application.html.erb
  Rendering pages/home.html.erb within layouts/application
  Rendered pages/home.html.erb within layouts/application (Duration: 1.5ms | GC: 0.0ms)
  Rendered layout layouts/application.html.erb (Duration: 6.0ms | GC: 0.0ms)
Completed 200 OK in 40ms (Views: 8.1ms | ActiveRecord: 0.0ms (0 queries, 0 cached) | GC: 0.0ms)


Started GET "/" for 127.0.0.1 at 2025-07-13 13:57:34 +0900
Processing by PagesController#home as */*
  Rendering layout layouts/application.html.erb
  Rendering pages/home.html.erb within layouts/application
  Rendered pages/home.html.erb within layouts/application (Duration: 2.8ms | GC: 0.0ms)
  Rendered layout layouts/application.html.erb (Duration: 6.6ms | GC: 0.0ms)
Completed 500 Internal Server Error in 49ms (ActiveRecord: 0.0ms (0 queries, 0 cached) | GC: 0.7ms)


  
ActionView::Template::Error (The asset 'inter-font.css' was not found in the load path.)
Caused by: Propshaft::MissingAssetError (The asset 'inter-font.css' was not found in the load path.)

Information for: ActionView::Template::Error (The asset 'inter-font.css' was not found in the load path.):
    18:     <link rel="apple-touch-icon" href="/icon.png">
    19: 
    20:     <%# Includes all stylesheet files in app/assets/stylesheets %>
    21:     <%= stylesheet_link_tag "tailwind", "inter-font", "data-turbo-track": "reload" %>
    22:     <%= stylesheet_link_tag :app, "data-turbo-track": "reload" %>
    23:     <%= javascript_importmap_tags %>
    24:   </head>
  
app/views/layouts/application.html.erb:21

Information for cause: Propshaft::MissingAssetError (The asset 'inter-font.css' was not found in the load path.):
  
app/views/layouts/application.html.erb:21
Started GET "/signup" for 127.0.0.1 at 2025-07-13 13:58:05 +0900
  
ActionController::RoutingError (uninitialized constant UsersController)
Caused by: ActionDispatch::MissingController (uninitialized constant UsersController)
Caused by: NameError (uninitialized constant UsersController)

Information for: ActionController::RoutingError (uninitialized constant UsersController):
  

Information for cause: ActionDispatch::MissingController (uninitialized constant UsersController):
  
actionpack (8.0.2) lib/action_dispatch/http/request.rb:102:in `rescue in controller_class_for'
actionpack (8.0.2) lib/action_dispatch/http/request.rb:98:in `controller_class_for'
actionpack (8.0.2) lib/action_dispatch/http/request.rb:91:in `controller_class'
actionpack (8.0.2) lib/action_dispatch/routing/route_set.rb:61:in `controller'
actionpack (8.0.2) lib/action_dispatch/routing/route_set.rb:48:in `serve'
actionpack (8.0.2) lib/action_dispatch/journey/router.rb:53:in `block in serve'
actionpack (8.0.2) lib/action_dispatch/journey/router.rb:133:in `block in find_routes'
actionpack (8.0.2) lib/action_dispatch/journey/router.rb:126:in `each'
actionpack (8.0.2) lib/action_dispatch/journey/router.rb:126:in `find_routes'
actionpack (8.0.2) lib/action_dispatch/journey/router.rb:34:in `serve'
actionpack (8.0.2) lib/action_dispatch/routing/route_set.rb:908:in `call'
railties (8.0.2) lib/rails/engine/lazy_route_set.rb:68:in `call'
rack (3.1.16) lib/rack/tempfile_reaper.rb:20:in `call'
rack (3.1.16) lib/rack/etag.rb:29:in `call'
rack (3.1.16) lib/rack/conditional_get.rb:31:in `call'
rack (3.1.16) lib/rack/head.rb:15:in `call'
actionpack (8.0.2) lib/action_dispatch/http/permissions_policy.rb:38:in `call'
actionpack (8.0.2) lib/action_dispatch/http/content_security_policy.rb:38:in `call'
rack-session (2.1.1) lib/rack/session/abstract/id.rb:274:in `context'
rack-session (2.1.1) lib/rack/session/abstract/id.rb:268:in `call'
actionpack (8.0.2) lib/action_dispatch/middleware/cookies.rb:706:in `call'
activerecord (8.0.2) lib/active_record/migration.rb:671:in `call'
actionpack (8.0.2) lib/action_dispatch/middleware/callbacks.rb:31:in `block in call'
activesupport (8.0.2) lib/active_support/callbacks.rb:100:in `run_callbacks'
actionpack (8.0.2) lib/action_dispatch/middleware/callbacks.rb:30:in `call'
actionpack (8.0.2) lib/action_dispatch/middleware/executor.rb:16:in `call'
actionpack (8.0.2) lib/action_dispatch/middleware/actionable_exceptions.rb:18:in `call'
actionpack (8.0.2) lib/action_dispatch/middleware/debug_exceptions.rb:31:in `call'
web-console (4.2.1) lib/web_console/middleware.rb:132:in `call_app'
web-console (4.2.1) lib/web_console/middleware.rb:28:in `block in call'
web-console (4.2.1) lib/web_console/middleware.rb:17:in `catch'
web-console (4.2.1) lib/web_console/middleware.rb:17:in `call'
actionpack (8.0.2) lib/action_dispatch/middleware/show_exceptions.rb:32:in `call'
railties (8.0.2) lib/rails/rack/logger.rb:41:in `call_app'
railties (8.0.2) lib/rails/rack/logger.rb:29:in `call'
actionpack (8.0.2) lib/action_dispatch/middleware/remote_ip.rb:96:in `call'
actionpack (8.0.2) lib/action_dispatch/middleware/request_id.rb:34:in `call'
rack (3.1.16) lib/rack/method_override.rb:28:in `call'
rack (3.1.16) lib/rack/runtime.rb:24:in `call'
actionpack (8.0.2) lib/action_dispatch/middleware/server_timing.rb:61:in `block in call'
actionpack (8.0.2) lib/action_dispatch/middleware/server_timing.rb:26:in `collect_events'
actionpack (8.0.2) lib/action_dispatch/middleware/server_timing.rb:60:in `call'
actionpack (8.0.2) lib/action_dispatch/middleware/executor.rb:16:in `call'
actionpack (8.0.2) lib/action_dispatch/middleware/static.rb:27:in `call'
rack (3.1.16) lib/rack/sendfile.rb:114:in `call'
actionpack (8.0.2) lib/action_dispatch/middleware/host_authorization.rb:143:in `call'
railties (8.0.2) lib/rails/engine.rb:535:in `call'
puma (6.6.0) lib/puma/configuration.rb:279:in `call'
puma (6.6.0) lib/puma/request.rb:99:in `block in handle_request'
puma (6.6.0) lib/puma/thread_pool.rb:390:in `with_force_shutdown'
puma (6.6.0) lib/puma/request.rb:98:in `handle_request'
puma (6.6.0) lib/puma/server.rb:472:in `process_client'
puma (6.6.0) lib/puma/server.rb:254:in `block in run'
puma (6.6.0) lib/puma/thread_pool.rb:167:in `block in spawn_thread'

Information for cause: NameError (uninitialized constant UsersController):
  
activesupport (8.0.2) lib/active_support/inflector/methods.rb:290:in `constantize'
activesupport (8.0.2) lib/active_support/core_ext/string/inflections.rb:74:in `constantize'
actionpack (8.0.2) lib/action_dispatch/http/request.rb:99:in `controller_class_for'
actionpack (8.0.2) lib/action_dispatch/http/request.rb:91:in `controller_class'
actionpack (8.0.2) lib/action_dispatch/routing/route_set.rb:61:in `controller'
actionpack (8.0.2) lib/action_dispatch/routing/route_set.rb:48:in `serve'
actionpack (8.0.2) lib/action_dispatch/journey/router.rb:53:in `block in serve'
actionpack (8.0.2) lib/action_dispatch/journey/router.rb:133:in `block in find_routes'
actionpack (8.0.2) lib/action_dispatch/journey/router.rb:126:in `each'
actionpack (8.0.2) lib/action_dispatch/journey/router.rb:126:in `find_routes'
actionpack (8.0.2) lib/action_dispatch/journey/router.rb:34:in `serve'
actionpack (8.0.2) lib/action_dispatch/routing/route_set.rb:908:in `call'
railties (8.0.2) lib/rails/engine/lazy_route_set.rb:68:in `call'
rack (3.1.16) lib/rack/tempfile_reaper.rb:20:in `call'
rack (3.1.16) lib/rack/etag.rb:29:in `call'
rack (3.1.16) lib/rack/conditional_get.rb:31:in `call'
rack (3.1.16) lib/rack/head.rb:15:in `call'
actionpack (8.0.2) lib/action_dispatch/http/permissions_policy.rb:38:in `call'
actionpack (8.0.2) lib/action_dispatch/http/content_security_policy.rb:38:in `call'
rack-session (2.1.1) lib/rack/session/abstract/id.rb:274:in `context'
rack-session (2.1.1) lib/rack/session/abstract/id.rb:268:in `call'
actionpack (8.0.2) lib/action_dispatch/middleware/cookies.rb:706:in `call'
activerecord (8.0.2) lib/active_record/migration.rb:671:in `call'
actionpack (8.0.2) lib/action_dispatch/middleware/callbacks.rb:31:in `block in call'
activesupport (8.0.2) lib/active_support/callbacks.rb:100:in `run_callbacks'
actionpack (8.0.2) lib/action_dispatch/middleware/callbacks.rb:30:in `call'
actionpack (8.0.2) lib/action_dispatch/middleware/executor.rb:16:in `call'
actionpack (8.0.2) lib/action_dispatch/middleware/actionable_exceptions.rb:18:in `call'
actionpack (8.0.2) lib/action_dispatch/middleware/debug_exceptions.rb:31:in `call'
web-console (4.2.1) lib/web_console/middleware.rb:132:in `call_app'
web-console (4.2.1) lib/web_console/middleware.rb:28:in `block in call'
web-console (4.2.1) lib/web_console/middleware.rb:17:in `catch'
web-console (4.2.1) lib/web_console/middleware.rb:17:in `call'
actionpack (8.0.2) lib/action_dispatch/middleware/show_exceptions.rb:32:in `call'
railties (8.0.2) lib/rails/rack/logger.rb:41:in `call_app'
railties (8.0.2) lib/rails/rack/logger.rb:29:in `call'
actionpack (8.0.2) lib/action_dispatch/middleware/remote_ip.rb:96:in `call'
actionpack (8.0.2) lib/action_dispatch/middleware/request_id.rb:34:in `call'
rack (3.1.16) lib/rack/method_override.rb:28:in `call'
rack (3.1.16) lib/rack/runtime.rb:24:in `call'
actionpack (8.0.2) lib/action_dispatch/middleware/server_timing.rb:61:in `block in call'
actionpack (8.0.2) lib/action_dispatch/middleware/server_timing.rb:26:in `collect_events'
actionpack (8.0.2) lib/action_dispatch/middleware/server_timing.rb:60:in `call'
actionpack (8.0.2) lib/action_dispatch/middleware/executor.rb:16:in `call'
actionpack (8.0.2) lib/action_dispatch/middleware/static.rb:27:in `call'
rack (3.1.16) lib/rack/sendfile.rb:114:in `call'
actionpack (8.0.2) lib/action_dispatch/middleware/host_authorization.rb:143:in `call'
railties (8.0.2) lib/rails/engine.rb:535:in `call'
puma (6.6.0) lib/puma/configuration.rb:279:in `call'
puma (6.6.0) lib/puma/request.rb:99:in `block in handle_request'
puma (6.6.0) lib/puma/thread_pool.rb:390:in `with_force_shutdown'
puma (6.6.0) lib/puma/request.rb:98:in `handle_request'
puma (6.6.0) lib/puma/server.rb:472:in `process_client'
puma (6.6.0) lib/puma/server.rb:254:in `block in run'
puma (6.6.0) lib/puma/thread_pool.rb:167:in `block in spawn_thread'
Started GET "/" for 127.0.0.1 at 2025-07-13 13:58:12 +0900
Processing by PagesController#home as */*
  Rendering layout layouts/application.html.erb
  Rendering pages/home.html.erb within layouts/application
  Rendered pages/home.html.erb within layouts/application (Duration: 2.9ms | GC: 0.0ms)
  Rendered layout layouts/application.html.erb (Duration: 10.8ms | GC: 0.0ms)
Completed 200 OK in 43ms (Views: 12.7ms | ActiveRecord: 0.0ms (0 queries, 0 cached) | GC: 1.3ms)


Started GET "/" for 127.0.0.1 at 2025-07-13 14:01:39 +0900
Processing by PagesController#home as HTML
  Rendering layout layouts/application.html.erb
  Rendering pages/home.html.erb within layouts/application
  Rendered pages/home.html.erb within layouts/application (Duration: 7.8ms | GC: 0.0ms)
  Rendered layout layouts/application.html.erb (Duration: 22.0ms | GC: 0.0ms)
Completed 200 OK in 61ms (Views: 24.9ms | ActiveRecord: 0.0ms (0 queries, 0 cached) | GC: 0.0ms)


Started GET "/assets/tailwind-f015577d.css" for 127.0.0.1 at 2025-07-13 14:01:39 +0900
Started GET "/assets/application-bfcdf840.js" for 127.0.0.1 at 2025-07-13 14:01:39 +0900
Started GET "/assets/turbo.min-3a2e143f.js" for 127.0.0.1 at 2025-07-13 14:01:39 +0900
Started GET "/assets/controllers/application-3affb389.js" for 127.0.0.1 at 2025-07-13 14:01:39 +0900
Started GET "/assets/controllers/consultation_controller-b4a31fba.js" for 127.0.0.1 at 2025-07-13 14:01:39 +0900
Started GET "/assets/controllers/hello_controller-708796bd.js" for 127.0.0.1 at 2025-07-13 14:01:39 +0900
Started GET "/assets/controllers/index-ee64e1f1.js" for 127.0.0.1 at 2025-07-13 14:01:39 +0900
Started GET "/assets/controllers/modal_controller-945531d3.js" for 127.0.0.1 at 2025-07-13 14:01:39 +0900
Started GET "/assets/controllers/stats_controller-37199aaa.js" for 127.0.0.1 at 2025-07-13 14:01:39 +0900
Started GET "/assets/controllers/todo_controller-0e526eaf.js" for 127.0.0.1 at 2025-07-13 14:01:39 +0900
Started GET "/assets/controllers/counter_controller-8e5d7e87.js" for 127.0.0.1 at 2025-07-13 14:01:40 +0900
Started GET "/assets/stimulus.min-4b1e420e.js" for 127.0.0.1 at 2025-07-13 14:01:40 +0900
Started GET "/assets/stimulus-loading-1fc53fe7.js" for 127.0.0.1 at 2025-07-13 14:01:40 +0900
